<?xml version="1.0" encoding="UTF-8"?>
<testsuite xmlns:xsi="http://www.w3.org/2001/XMLSchema-instance" xsi:noNamespaceSchemaLocation="https://maven.apache.org/surefire/maven-surefire-plugin/xsd/surefire-test-report.xsd" name="com._4point.aem.formsfeeder.server.ApplicationTests" time="4.077" tests="1" errors="1" skipped="0" failures="0">
  <properties>
    <property name="sun.desktop" value="windows"/>
    <property name="awt.toolkit" value="sun.awt.windows.WToolkit"/>
    <property name="jdk.extensions.version" value="11.0.3.2"/>
    <property name="file.encoding.pkg" value="sun.io"/>
    <property name="java.specification.version" value="11"/>
    <property name="sun.jnu.encoding" value="Cp1252"/>
    <property name="java.class.path" value="C:\Users\W269600\Desktop\Repositories\Java\FormsFeeder\formsfeeder.server\target\test-classes;C:\Users\W269600\Desktop\Repositories\Java\FormsFeeder\formsfeeder.server\target\classes;C:\Users\W269600\.m2\repository\org\springframework\boot\spring-boot-starter-jersey\2.2.6.RELEASE\spring-boot-starter-jersey-2.2.6.RELEASE.jar;C:\Users\W269600\.m2\repository\org\springframework\boot\spring-boot-starter-json\2.2.6.RELEASE\spring-boot-starter-json-2.2.6.RELEASE.jar;C:\Users\W269600\.m2\repository\com\fasterxml\jackson\datatype\jackson-datatype-jdk8\2.10.3\jackson-datatype-jdk8-2.10.3.jar;C:\Users\W269600\.m2\repository\com\fasterxml\jackson\datatype\jackson-datatype-jsr310\2.10.3\jackson-datatype-jsr310-2.10.3.jar;C:\Users\W269600\.m2\repository\com\fasterxml\jackson\module\jackson-module-parameter-names\2.10.3\jackson-module-parameter-names-2.10.3.jar;C:\Users\W269600\.m2\repository\org\springframework\boot\spring-boot-starter-tomcat\2.2.6.RELEASE\spring-boot-starter-tomcat-2.2.6.RELEASE.jar;C:\Users\W269600\.m2\repository\org\apache\tomcat\embed\tomcat-embed-core\9.0.33\tomcat-embed-core-9.0.33.jar;C:\Users\W269600\.m2\repository\org\apache\tomcat\embed\tomcat-embed-el\9.0.33\tomcat-embed-el-9.0.33.jar;C:\Users\W269600\.m2\repository\org\apache\tomcat\embed\tomcat-embed-websocket\9.0.33\tomcat-embed-websocket-9.0.33.jar;C:\Users\W269600\.m2\repository\org\springframework\boot\spring-boot-starter-validation\2.2.6.RELEASE\spring-boot-starter-validation-2.2.6.RELEASE.jar;C:\Users\W269600\.m2\repository\jakarta\validation\jakarta.validation-api\2.0.2\jakarta.validation-api-2.0.2.jar;C:\Users\W269600\.m2\repository\org\hibernate\validator\hibernate-validator\6.0.18.Final\hibernate-validator-6.0.18.Final.jar;C:\Users\W269600\.m2\repository\org\jboss\logging\jboss-logging\3.4.1.Final\jboss-logging-3.4.1.Final.jar;C:\Users\W269600\.m2\repository\com\fasterxml\classmate\1.5.1\classmate-1.5.1.jar;C:\Users\W269600\.m2\repository\jakarta\annotation\jakarta.annotation-api\1.3.5\jakarta.annotation-api-1.3.5.jar;C:\Users\W269600\.m2\repository\jakarta\ws\rs\jakarta.ws.rs-api\2.1.6\jakarta.ws.rs-api-2.1.6.jar;C:\Users\W269600\.m2\repository\org\springframework\spring-web\5.2.5.RELEASE\spring-web-5.2.5.RELEASE.jar;C:\Users\W269600\.m2\repository\org\springframework\spring-beans\5.2.5.RELEASE\spring-beans-5.2.5.RELEASE.jar;C:\Users\W269600\.m2\repository\org\glassfish\jersey\core\jersey-server\2.29.1\jersey-server-2.29.1.jar;C:\Users\W269600\.m2\repository\org\glassfish\jersey\core\jersey-client\2.29.1\jersey-client-2.29.1.jar;C:\Users\W269600\.m2\repository\org\glassfish\jersey\media\jersey-media-jaxb\2.29.1\jersey-media-jaxb-2.29.1.jar;C:\Users\W269600\.m2\repository\org\glassfish\hk2\external\jakarta.inject\2.6.1\jakarta.inject-2.6.1.jar;C:\Users\W269600\.m2\repository\org\glassfish\jersey\containers\jersey-container-servlet-core\2.29.1\jersey-container-servlet-core-2.29.1.jar;C:\Users\W269600\.m2\repository\org\glassfish\jersey\containers\jersey-container-servlet\2.29.1\jersey-container-servlet-2.29.1.jar;C:\Users\W269600\.m2\repository\org\glassfish\jersey\ext\jersey-bean-validation\2.29.1\jersey-bean-validation-2.29.1.jar;C:\Users\W269600\.m2\repository\org\glassfish\jersey\ext\jersey-spring5\2.29.1\jersey-spring5-2.29.1.jar;C:\Users\W269600\.m2\repository\org\glassfish\jersey\inject\jersey-hk2\2.29.1\jersey-hk2-2.29.1.jar;C:\Users\W269600\.m2\repository\org\glassfish\hk2\hk2-locator\2.6.1\hk2-locator-2.6.1.jar;C:\Users\W269600\.m2\repository\org\glassfish\hk2\external\aopalliance-repackaged\2.6.1\aopalliance-repackaged-2.6.1.jar;C:\Users\W269600\.m2\repository\org\javassist\javassist\3.22.0-CR2\javassist-3.22.0-CR2.jar;C:\Users\W269600\.m2\repository\org\glassfish\hk2\hk2\2.6.1\hk2-2.6.1.jar;C:\Users\W269600\.m2\repository\org\glassfish\hk2\hk2-utils\2.6.1\hk2-utils-2.6.1.jar;C:\Users\W269600\.m2\repository\org\glassfish\hk2\hk2-api\2.6.1\hk2-api-2.6.1.jar;C:\Users\W269600\.m2\repository\org\glassfish\hk2\hk2-core\2.6.1\hk2-core-2.6.1.jar;C:\Users\W269600\.m2\repository\org\glassfish\hk2\hk2-runlevel\2.6.1\hk2-runlevel-2.6.1.jar;C:\Users\W269600\.m2\repository\org\glassfish\hk2\class-model\2.6.1\class-model-2.6.1.jar;C:\Users\W269600\.m2\repository\org\ow2\asm\asm-analysis\7.1\asm-analysis-7.1.jar;C:\Users\W269600\.m2\repository\org\ow2\asm\asm-commons\7.1\asm-commons-7.1.jar;C:\Users\W269600\.m2\repository\org\ow2\asm\asm-tree\7.1\asm-tree-7.1.jar;C:\Users\W269600\.m2\repository\org\ow2\asm\asm-util\7.1\asm-util-7.1.jar;C:\Users\W269600\.m2\repository\org\glassfish\hk2\spring-bridge\2.6.1\spring-bridge-2.6.1.jar;C:\Users\W269600\.m2\repository\org\springframework\spring-aop\5.2.5.RELEASE\spring-aop-5.2.5.RELEASE.jar;C:\Users\W269600\.m2\repository\org\glassfish\jersey\media\jersey-media-json-jackson\2.29.1\jersey-media-json-jackson-2.29.1.jar;C:\Users\W269600\.m2\repository\org\glassfish\jersey\ext\jersey-entity-filtering\2.29.1\jersey-entity-filtering-2.29.1.jar;C:\Users\W269600\.m2\repository\com\fasterxml\jackson\module\jackson-module-jaxb-annotations\2.10.3\jackson-module-jaxb-annotations-2.10.3.jar;C:\Users\W269600\.m2\repository\jakarta\xml\bind\jakarta.xml.bind-api\2.3.3\jakarta.xml.bind-api-2.3.3.jar;C:\Users\W269600\.m2\repository\org\springframework\boot\spring-boot-starter-web\2.2.6.RELEASE\spring-boot-starter-web-2.2.6.RELEASE.jar;C:\Users\W269600\.m2\repository\org\springframework\boot\spring-boot-starter\2.2.6.RELEASE\spring-boot-starter-2.2.6.RELEASE.jar;C:\Users\W269600\.m2\repository\org\springframework\boot\spring-boot\2.2.6.RELEASE\spring-boot-2.2.6.RELEASE.jar;C:\Users\W269600\.m2\repository\org\springframework\boot\spring-boot-autoconfigure\2.2.6.RELEASE\spring-boot-autoconfigure-2.2.6.RELEASE.jar;C:\Users\W269600\.m2\repository\org\springframework\boot\spring-boot-starter-logging\2.2.6.RELEASE\spring-boot-starter-logging-2.2.6.RELEASE.jar;C:\Users\W269600\.m2\repository\ch\qos\logback\logback-classic\1.2.3\logback-classic-1.2.3.jar;C:\Users\W269600\.m2\repository\ch\qos\logback\logback-core\1.2.3\logback-core-1.2.3.jar;C:\Users\W269600\.m2\repository\org\apache\logging\log4j\log4j-to-slf4j\2.12.1\log4j-to-slf4j-2.12.1.jar;C:\Users\W269600\.m2\repository\org\apache\logging\log4j\log4j-api\2.12.1\log4j-api-2.12.1.jar;C:\Users\W269600\.m2\repository\org\slf4j\jul-to-slf4j\1.7.30\jul-to-slf4j-1.7.30.jar;C:\Users\W269600\.m2\repository\org\yaml\snakeyaml\1.25\snakeyaml-1.25.jar;C:\Users\W269600\.m2\repository\org\springframework\spring-webmvc\5.2.5.RELEASE\spring-webmvc-5.2.5.RELEASE.jar;C:\Users\W269600\.m2\repository\org\springframework\spring-context\5.2.5.RELEASE\spring-context-5.2.5.RELEASE.jar;C:\Users\W269600\.m2\repository\org\springframework\spring-expression\5.2.5.RELEASE\spring-expression-5.2.5.RELEASE.jar;C:\Users\W269600\.m2\repository\org\glassfish\jersey\media\jersey-media-multipart\2.29.1\jersey-media-multipart-2.29.1.jar;C:\Users\W269600\.m2\repository\org\glassfish\jersey\core\jersey-common\2.29.1\jersey-common-2.29.1.jar;C:\Users\W269600\.m2\repository\org\glassfish\hk2\osgi-resource-locator\1.0.3\osgi-resource-locator-1.0.3.jar;C:\Users\W269600\.m2\repository\com\sun\activation\jakarta.activation\1.2.2\jakarta.activation-1.2.2.jar;C:\Users\W269600\.m2\repository\org\jvnet\mimepull\mimepull\1.9.13\mimepull-1.9.13.jar;C:\Users\W269600\.m2\repository\org\springframework\boot\spring-boot-starter-test\2.2.6.RELEASE\spring-boot-starter-test-2.2.6.RELEASE.jar;C:\Users\W269600\.m2\repository\org\springframework\boot\spring-boot-test\2.2.6.RELEASE\spring-boot-test-2.2.6.RELEASE.jar;C:\Users\W269600\.m2\repository\org\springframework\boot\spring-boot-test-autoconfigure\2.2.6.RELEASE\spring-boot-test-autoconfigure-2.2.6.RELEASE.jar;C:\Users\W269600\.m2\repository\com\jayway\jsonpath\json-path\2.4.0\json-path-2.4.0.jar;C:\Users\W269600\.m2\repository\net\minidev\json-smart\2.3\json-smart-2.3.jar;C:\Users\W269600\.m2\repository\net\minidev\accessors-smart\1.2\accessors-smart-1.2.jar;C:\Users\W269600\.m2\repository\org\junit\jupiter\junit-jupiter\5.6.2\junit-jupiter-5.6.2.jar;C:\Users\W269600\.m2\repository\org\junit\jupiter\junit-jupiter-api\5.6.2\junit-jupiter-api-5.6.2.jar;C:\Users\W269600\.m2\repository\org\apiguardian\apiguardian-api\1.1.0\apiguardian-api-1.1.0.jar;C:\Users\W269600\.m2\repository\org\junit\platform\junit-platform-commons\1.6.2\junit-platform-commons-1.6.2.jar;C:\Users\W269600\.m2\repository\org\junit\jupiter\junit-jupiter-params\5.6.2\junit-jupiter-params-5.6.2.jar;C:\Users\W269600\.m2\repository\org\junit\jupiter\junit-jupiter-engine\5.6.2\junit-jupiter-engine-5.6.2.jar;C:\Users\W269600\.m2\repository\org\junit\platform\junit-platform-engine\1.6.2\junit-platform-engine-1.6.2.jar;C:\Users\W269600\.m2\repository\org\mockito\mockito-junit-jupiter\3.1.0\mockito-junit-jupiter-3.1.0.jar;C:\Users\W269600\.m2\repository\org\assertj\assertj-core\3.13.2\assertj-core-3.13.2.jar;C:\Users\W269600\.m2\repository\org\hamcrest\hamcrest\2.1\hamcrest-2.1.jar;C:\Users\W269600\.m2\repository\org\mockito\mockito-core\3.1.0\mockito-core-3.1.0.jar;C:\Users\W269600\.m2\repository\net\bytebuddy\byte-buddy\1.10.8\byte-buddy-1.10.8.jar;C:\Users\W269600\.m2\repository\net\bytebuddy\byte-buddy-agent\1.10.8\byte-buddy-agent-1.10.8.jar;C:\Users\W269600\.m2\repository\org\objenesis\objenesis\2.6\objenesis-2.6.jar;C:\Users\W269600\.m2\repository\org\skyscreamer\jsonassert\1.5.0\jsonassert-1.5.0.jar;C:\Users\W269600\.m2\repository\com\vaadin\external\google\android-json\0.0.20131108.vaadin1\android-json-0.0.20131108.vaadin1.jar;C:\Users\W269600\.m2\repository\org\springframework\spring-core\5.2.5.RELEASE\spring-core-5.2.5.RELEASE.jar;C:\Users\W269600\.m2\repository\org\springframework\spring-jcl\5.2.5.RELEASE\spring-jcl-5.2.5.RELEASE.jar;C:\Users\W269600\.m2\repository\org\springframework\spring-test\5.2.5.RELEASE\spring-test-5.2.5.RELEASE.jar;C:\Users\W269600\.m2\repository\org\xmlunit\xmlunit-core\2.6.4\xmlunit-core-2.6.4.jar;C:\Users\W269600\.m2\repository\junit-addons\junit-addons\1.4\junit-addons-1.4.jar;C:\Users\W269600\Desktop\Repositories\Java\FormsFeeder\formsfeeder.core\target\formsfeeder.core-0.0.1-SNAPSHOT.jar;C:\Users\W269600\Desktop\Repositories\Java\FormsFeeder\formsfeeder.pf4j-spring\target\formsfeeder.pf4j-spring-0.0.1-SNAPSHOT.jar;C:\Users\W269600\.m2\repository\org\pf4j\pf4j\3.3.1\pf4j-3.3.1.jar;C:\Users\W269600\.m2\repository\org\slf4j\slf4j-api\1.7.30\slf4j-api-1.7.30.jar;C:\Users\W269600\.m2\repository\com\github\zafarkhaja\java-semver\0.9.0\java-semver-0.9.0.jar;C:\Users\W269600\.m2\repository\javax\annotation\javax.annotation-api\1.3.2\javax.annotation-api-1.3.2.jar;C:\Users\W269600\.m2\repository\org\apache\pdfbox\pdfbox\2.0.19\pdfbox-2.0.19.jar;C:\Users\W269600\.m2\repository\org\apache\pdfbox\fontbox\2.0.19\fontbox-2.0.19.jar;C:\Users\W269600\.m2\repository\commons-logging\commons-logging\1.2\commons-logging-1.2.jar;C:\Users\W269600\.m2\repository\com\jcabi\jcabi-xml\0.22.1\jcabi-xml-0.22.1.jar;C:\Users\W269600\.m2\repository\com\jcabi\jcabi-log\0.18.1\jcabi-log-0.18.1.jar;C:\Users\W269600\.m2\repository\org\cactoos\cactoos\0.20\cactoos-0.20.jar;C:\Users\W269600\.m2\repository\com\github\tomakehurst\wiremock-jre8\2.26.3\wiremock-jre8-2.26.3.jar;C:\Users\W269600\.m2\repository\org\eclipse\jetty\jetty-server\9.4.27.v20200227\jetty-server-9.4.27.v20200227.jar;C:\Users\W269600\.m2\repository\javax\servlet\javax.servlet-api\4.0.1\javax.servlet-api-4.0.1.jar;C:\Users\W269600\.m2\repository\org\eclipse\jetty\jetty-http\9.4.27.v20200227\jetty-http-9.4.27.v20200227.jar;C:\Users\W269600\.m2\repository\org\eclipse\jetty\jetty-io\9.4.27.v20200227\jetty-io-9.4.27.v20200227.jar;C:\Users\W269600\.m2\repository\org\eclipse\jetty\jetty-servlet\9.4.27.v20200227\jetty-servlet-9.4.27.v20200227.jar;C:\Users\W269600\.m2\repository\org\eclipse\jetty\jetty-security\9.4.27.v20200227\jetty-security-9.4.27.v20200227.jar;C:\Users\W269600\.m2\repository\org\eclipse\jetty\jetty-servlets\9.4.27.v20200227\jetty-servlets-9.4.27.v20200227.jar;C:\Users\W269600\.m2\repository\org\eclipse\jetty\jetty-continuation\9.4.27.v20200227\jetty-continuation-9.4.27.v20200227.jar;C:\Users\W269600\.m2\repository\org\eclipse\jetty\jetty-util\9.4.27.v20200227\jetty-util-9.4.27.v20200227.jar;C:\Users\W269600\.m2\repository\org\eclipse\jetty\jetty-webapp\9.4.27.v20200227\jetty-webapp-9.4.27.v20200227.jar;C:\Users\W269600\.m2\repository\org\eclipse\jetty\jetty-xml\9.4.27.v20200227\jetty-xml-9.4.27.v20200227.jar;C:\Users\W269600\.m2\repository\com\google\guava\guava\27.0.1-jre\guava-27.0.1-jre.jar;C:\Users\W269600\.m2\repository\com\google\guava\failureaccess\1.0.1\failureaccess-1.0.1.jar;C:\Users\W269600\.m2\repository\com\google\guava\listenablefuture\9999.0-empty-to-avoid-conflict-with-guava\listenablefuture-9999.0-empty-to-avoid-conflict-with-guava.jar;C:\Users\W269600\.m2\repository\com\google\code\findbugs\jsr305\3.0.2\jsr305-3.0.2.jar;C:\Users\W269600\.m2\repository\org\checkerframework\checker-qual\2.5.2\checker-qual-2.5.2.jar;C:\Users\W269600\.m2\repository\com\google\errorprone\error_prone_annotations\2.2.0\error_prone_annotations-2.2.0.jar;C:\Users\W269600\.m2\repository\com\google\j2objc\j2objc-annotations\1.1\j2objc-annotations-1.1.jar;C:\Users\W269600\.m2\repository\org\codehaus\mojo\animal-sniffer-annotations\1.17\animal-sniffer-annotations-1.17.jar;C:\Users\W269600\.m2\repository\com\fasterxml\jackson\core\jackson-core\2.10.3\jackson-core-2.10.3.jar;C:\Users\W269600\.m2\repository\com\fasterxml\jackson\core\jackson-annotations\2.10.3\jackson-annotations-2.10.3.jar;C:\Users\W269600\.m2\repository\com\fasterxml\jackson\core\jackson-databind\2.10.3\jackson-databind-2.10.3.jar;C:\Users\W269600\.m2\repository\org\apache\httpcomponents\httpclient\4.5.12\httpclient-4.5.12.jar;C:\Users\W269600\.m2\repository\org\apache\httpcomponents\httpcore\4.4.13\httpcore-4.4.13.jar;C:\Users\W269600\.m2\repository\commons-codec\commons-codec\1.13\commons-codec-1.13.jar;C:\Users\W269600\.m2\repository\org\xmlunit\xmlunit-legacy\2.6.4\xmlunit-legacy-2.6.4.jar;C:\Users\W269600\.m2\repository\org\xmlunit\xmlunit-placeholders\2.6.4\xmlunit-placeholders-2.6.4.jar;C:\Users\W269600\.m2\repository\org\ow2\asm\asm\7.0\asm-7.0.jar;C:\Users\W269600\.m2\repository\net\sf\jopt-simple\jopt-simple\5.0.3\jopt-simple-5.0.3.jar;C:\Users\W269600\.m2\repository\org\apache\commons\commons-lang3\3.9\commons-lang3-3.9.jar;C:\Users\W269600\.m2\repository\com\github\jknack\handlebars\4.1.2\handlebars-4.1.2.jar;C:\Users\W269600\.m2\repository\com\github\jknack\handlebars-helpers\4.1.2\handlebars-helpers-4.1.2.jar;C:\Users\W269600\.m2\repository\com\flipkart\zjsonpatch\zjsonpatch\0.4.4\zjsonpatch-0.4.4.jar;C:\Users\W269600\.m2\repository\commons-fileupload\commons-fileupload\1.4\commons-fileupload-1.4.jar;C:\Users\W269600\.m2\repository\commons-io\commons-io\2.2\commons-io-2.2.jar;C:\Users\W269600\.m2\repository\org\eclipse\jetty\http2\http2-server\9.4.27.v20200227\http2-server-9.4.27.v20200227.jar;C:\Users\W269600\.m2\repository\org\eclipse\jetty\http2\http2-common\9.4.27.v20200227\http2-common-9.4.27.v20200227.jar;C:\Users\W269600\.m2\repository\org\eclipse\jetty\http2\http2-hpack\9.4.27.v20200227\http2-hpack-9.4.27.v20200227.jar;C:\Users\W269600\.m2\repository\org\eclipse\jetty\jetty-alpn-server\9.4.27.v20200227\jetty-alpn-server-9.4.27.v20200227.jar;C:\Users\W269600\.m2\repository\org\eclipse\jetty\jetty-alpn-conscrypt-server\9.4.27.v20200227\jetty-alpn-conscrypt-server-9.4.27.v20200227.jar;C:\Users\W269600\.m2\repository\org\conscrypt\conscrypt-openjdk-uber\2.1.0\conscrypt-openjdk-uber-2.1.0.jar;C:\Users\W269600\.m2\repository\org\eclipse\jetty\jetty-alpn-conscrypt-client\9.4.27.v20200227\jetty-alpn-conscrypt-client-9.4.27.v20200227.jar;C:\Users\W269600\.m2\repository\org\eclipse\jetty\jetty-alpn-client\9.4.27.v20200227\jetty-alpn-client-9.4.27.v20200227.jar;C:\Users\W269600\.m2\repository\net\javacrumbs\json-unit\json-unit-core\2.12.0\json-unit-core-2.12.0.jar;C:\Users\W269600\.m2\repository\org\opentest4j\opentest4j\1.1.1\opentest4j-1.1.1.jar;C:\Users\W269600\.m2\repository\org\hamcrest\hamcrest-core\2.1\hamcrest-core-2.1.jar;"/>
    <property name="java.vm.vendor" value="Eclipse OpenJ9"/>
    <property name="sun.arch.data.model" value="64"/>
    <property name="com.ibm.vm.bitmode" value="64"/>
    <property name="user.variant" value=""/>
    <property name="com.ibm.oti.vm.library.version" value="29"/>
    <property name="java.vendor.url" value="http://www.eclipse.org/openj9"/>
    <property name="user.timezone" value="America/Chicago"/>
    <property name="os.name" value="Windows 10"/>
    <property name="java.vm.specification.version" value="11"/>
    <property name="sun.java.launcher" value="SUN_STANDARD"/>
    <property name="user.country" value="US"/>
    <property name="sun.boot.library.path" value="C:\Program Files\AdoptOpenJDK_11\jdk-11.0.3.7-openj9\bin\compressedrefs;C:\Program Files\AdoptOpenJDK_11\jdk-11.0.3.7-openj9\bin"/>
    <property name="sun.java.command" value="C:\Users\W269600\AppData\Local\Temp\surefire3668982992070657402\surefirebooter11629502243309021239.jar C:\Users\W269600\AppData\Local\Temp\surefire3668982992070657402 2020-07-20T18-08-41_573-jvmRun1 surefire12663812135887648603tmp surefire_18779988420597411166tmp"/>
    <property name="surefire.test.class.path" value="C:\Users\W269600\Desktop\Repositories\Java\FormsFeeder\formsfeeder.server\target\test-classes;C:\Users\W269600\Desktop\Repositories\Java\FormsFeeder\formsfeeder.server\target\classes;C:\Users\W269600\.m2\repository\org\springframework\boot\spring-boot-starter-jersey\2.2.6.RELEASE\spring-boot-starter-jersey-2.2.6.RELEASE.jar;C:\Users\W269600\.m2\repository\org\springframework\boot\spring-boot-starter-json\2.2.6.RELEASE\spring-boot-starter-json-2.2.6.RELEASE.jar;C:\Users\W269600\.m2\repository\com\fasterxml\jackson\datatype\jackson-datatype-jdk8\2.10.3\jackson-datatype-jdk8-2.10.3.jar;C:\Users\W269600\.m2\repository\com\fasterxml\jackson\datatype\jackson-datatype-jsr310\2.10.3\jackson-datatype-jsr310-2.10.3.jar;C:\Users\W269600\.m2\repository\com\fasterxml\jackson\module\jackson-module-parameter-names\2.10.3\jackson-module-parameter-names-2.10.3.jar;C:\Users\W269600\.m2\repository\org\springframework\boot\spring-boot-starter-tomcat\2.2.6.RELEASE\spring-boot-starter-tomcat-2.2.6.RELEASE.jar;C:\Users\W269600\.m2\repository\org\apache\tomcat\embed\tomcat-embed-core\9.0.33\tomcat-embed-core-9.0.33.jar;C:\Users\W269600\.m2\repository\org\apache\tomcat\embed\tomcat-embed-el\9.0.33\tomcat-embed-el-9.0.33.jar;C:\Users\W269600\.m2\repository\org\apache\tomcat\embed\tomcat-embed-websocket\9.0.33\tomcat-embed-websocket-9.0.33.jar;C:\Users\W269600\.m2\repository\org\springframework\boot\spring-boot-starter-validation\2.2.6.RELEASE\spring-boot-starter-validation-2.2.6.RELEASE.jar;C:\Users\W269600\.m2\repository\jakarta\validation\jakarta.validation-api\2.0.2\jakarta.validation-api-2.0.2.jar;C:\Users\W269600\.m2\repository\org\hibernate\validator\hibernate-validator\6.0.18.Final\hibernate-validator-6.0.18.Final.jar;C:\Users\W269600\.m2\repository\org\jboss\logging\jboss-logging\3.4.1.Final\jboss-logging-3.4.1.Final.jar;C:\Users\W269600\.m2\repository\com\fasterxml\classmate\1.5.1\classmate-1.5.1.jar;C:\Users\W269600\.m2\repository\jakarta\annotation\jakarta.annotation-api\1.3.5\jakarta.annotation-api-1.3.5.jar;C:\Users\W269600\.m2\repository\jakarta\ws\rs\jakarta.ws.rs-api\2.1.6\jakarta.ws.rs-api-2.1.6.jar;C:\Users\W269600\.m2\repository\org\springframework\spring-web\5.2.5.RELEASE\spring-web-5.2.5.RELEASE.jar;C:\Users\W269600\.m2\repository\org\springframework\spring-beans\5.2.5.RELEASE\spring-beans-5.2.5.RELEASE.jar;C:\Users\W269600\.m2\repository\org\glassfish\jersey\core\jersey-server\2.29.1\jersey-server-2.29.1.jar;C:\Users\W269600\.m2\repository\org\glassfish\jersey\core\jersey-client\2.29.1\jersey-client-2.29.1.jar;C:\Users\W269600\.m2\repository\org\glassfish\jersey\media\jersey-media-jaxb\2.29.1\jersey-media-jaxb-2.29.1.jar;C:\Users\W269600\.m2\repository\org\glassfish\hk2\external\jakarta.inject\2.6.1\jakarta.inject-2.6.1.jar;C:\Users\W269600\.m2\repository\org\glassfish\jersey\containers\jersey-container-servlet-core\2.29.1\jersey-container-servlet-core-2.29.1.jar;C:\Users\W269600\.m2\repository\org\glassfish\jersey\containers\jersey-container-servlet\2.29.1\jersey-container-servlet-2.29.1.jar;C:\Users\W269600\.m2\repository\org\glassfish\jersey\ext\jersey-bean-validation\2.29.1\jersey-bean-validation-2.29.1.jar;C:\Users\W269600\.m2\repository\org\glassfish\jersey\ext\jersey-spring5\2.29.1\jersey-spring5-2.29.1.jar;C:\Users\W269600\.m2\repository\org\glassfish\jersey\inject\jersey-hk2\2.29.1\jersey-hk2-2.29.1.jar;C:\Users\W269600\.m2\repository\org\glassfish\hk2\hk2-locator\2.6.1\hk2-locator-2.6.1.jar;C:\Users\W269600\.m2\repository\org\glassfish\hk2\external\aopalliance-repackaged\2.6.1\aopalliance-repackaged-2.6.1.jar;C:\Users\W269600\.m2\repository\org\javassist\javassist\3.22.0-CR2\javassist-3.22.0-CR2.jar;C:\Users\W269600\.m2\repository\org\glassfish\hk2\hk2\2.6.1\hk2-2.6.1.jar;C:\Users\W269600\.m2\repository\org\glassfish\hk2\hk2-utils\2.6.1\hk2-utils-2.6.1.jar;C:\Users\W269600\.m2\repository\org\glassfish\hk2\hk2-api\2.6.1\hk2-api-2.6.1.jar;C:\Users\W269600\.m2\repository\org\glassfish\hk2\hk2-core\2.6.1\hk2-core-2.6.1.jar;C:\Users\W269600\.m2\repository\org\glassfish\hk2\hk2-runlevel\2.6.1\hk2-runlevel-2.6.1.jar;C:\Users\W269600\.m2\repository\org\glassfish\hk2\class-model\2.6.1\class-model-2.6.1.jar;C:\Users\W269600\.m2\repository\org\ow2\asm\asm-analysis\7.1\asm-analysis-7.1.jar;C:\Users\W269600\.m2\repository\org\ow2\asm\asm-commons\7.1\asm-commons-7.1.jar;C:\Users\W269600\.m2\repository\org\ow2\asm\asm-tree\7.1\asm-tree-7.1.jar;C:\Users\W269600\.m2\repository\org\ow2\asm\asm-util\7.1\asm-util-7.1.jar;C:\Users\W269600\.m2\repository\org\glassfish\hk2\spring-bridge\2.6.1\spring-bridge-2.6.1.jar;C:\Users\W269600\.m2\repository\org\springframework\spring-aop\5.2.5.RELEASE\spring-aop-5.2.5.RELEASE.jar;C:\Users\W269600\.m2\repository\org\glassfish\jersey\media\jersey-media-json-jackson\2.29.1\jersey-media-json-jackson-2.29.1.jar;C:\Users\W269600\.m2\repository\org\glassfish\jersey\ext\jersey-entity-filtering\2.29.1\jersey-entity-filtering-2.29.1.jar;C:\Users\W269600\.m2\repository\com\fasterxml\jackson\module\jackson-module-jaxb-annotations\2.10.3\jackson-module-jaxb-annotations-2.10.3.jar;C:\Users\W269600\.m2\repository\jakarta\xml\bind\jakarta.xml.bind-api\2.3.3\jakarta.xml.bind-api-2.3.3.jar;C:\Users\W269600\.m2\repository\org\springframework\boot\spring-boot-starter-web\2.2.6.RELEASE\spring-boot-starter-web-2.2.6.RELEASE.jar;C:\Users\W269600\.m2\repository\org\springframework\boot\spring-boot-starter\2.2.6.RELEASE\spring-boot-starter-2.2.6.RELEASE.jar;C:\Users\W269600\.m2\repository\org\springframework\boot\spring-boot\2.2.6.RELEASE\spring-boot-2.2.6.RELEASE.jar;C:\Users\W269600\.m2\repository\org\springframework\boot\spring-boot-autoconfigure\2.2.6.RELEASE\spring-boot-autoconfigure-2.2.6.RELEASE.jar;C:\Users\W269600\.m2\repository\org\springframework\boot\spring-boot-starter-logging\2.2.6.RELEASE\spring-boot-starter-logging-2.2.6.RELEASE.jar;C:\Users\W269600\.m2\repository\ch\qos\logback\logback-classic\1.2.3\logback-classic-1.2.3.jar;C:\Users\W269600\.m2\repository\ch\qos\logback\logback-core\1.2.3\logback-core-1.2.3.jar;C:\Users\W269600\.m2\repository\org\apache\logging\log4j\log4j-to-slf4j\2.12.1\log4j-to-slf4j-2.12.1.jar;C:\Users\W269600\.m2\repository\org\apache\logging\log4j\log4j-api\2.12.1\log4j-api-2.12.1.jar;C:\Users\W269600\.m2\repository\org\slf4j\jul-to-slf4j\1.7.30\jul-to-slf4j-1.7.30.jar;C:\Users\W269600\.m2\repository\org\yaml\snakeyaml\1.25\snakeyaml-1.25.jar;C:\Users\W269600\.m2\repository\org\springframework\spring-webmvc\5.2.5.RELEASE\spring-webmvc-5.2.5.RELEASE.jar;C:\Users\W269600\.m2\repository\org\springframework\spring-context\5.2.5.RELEASE\spring-context-5.2.5.RELEASE.jar;C:\Users\W269600\.m2\repository\org\springframework\spring-expression\5.2.5.RELEASE\spring-expression-5.2.5.RELEASE.jar;C:\Users\W269600\.m2\repository\org\glassfish\jersey\media\jersey-media-multipart\2.29.1\jersey-media-multipart-2.29.1.jar;C:\Users\W269600\.m2\repository\org\glassfish\jersey\core\jersey-common\2.29.1\jersey-common-2.29.1.jar;C:\Users\W269600\.m2\repository\org\glassfish\hk2\osgi-resource-locator\1.0.3\osgi-resource-locator-1.0.3.jar;C:\Users\W269600\.m2\repository\com\sun\activation\jakarta.activation\1.2.2\jakarta.activation-1.2.2.jar;C:\Users\W269600\.m2\repository\org\jvnet\mimepull\mimepull\1.9.13\mimepull-1.9.13.jar;C:\Users\W269600\.m2\repository\org\springframework\boot\spring-boot-starter-test\2.2.6.RELEASE\spring-boot-starter-test-2.2.6.RELEASE.jar;C:\Users\W269600\.m2\repository\org\springframework\boot\spring-boot-test\2.2.6.RELEASE\spring-boot-test-2.2.6.RELEASE.jar;C:\Users\W269600\.m2\repository\org\springframework\boot\spring-boot-test-autoconfigure\2.2.6.RELEASE\spring-boot-test-autoconfigure-2.2.6.RELEASE.jar;C:\Users\W269600\.m2\repository\com\jayway\jsonpath\json-path\2.4.0\json-path-2.4.0.jar;C:\Users\W269600\.m2\repository\net\minidev\json-smart\2.3\json-smart-2.3.jar;C:\Users\W269600\.m2\repository\net\minidev\accessors-smart\1.2\accessors-smart-1.2.jar;C:\Users\W269600\.m2\repository\org\junit\jupiter\junit-jupiter\5.6.2\junit-jupiter-5.6.2.jar;C:\Users\W269600\.m2\repository\org\junit\jupiter\junit-jupiter-api\5.6.2\junit-jupiter-api-5.6.2.jar;C:\Users\W269600\.m2\repository\org\apiguardian\apiguardian-api\1.1.0\apiguardian-api-1.1.0.jar;C:\Users\W269600\.m2\repository\org\junit\platform\junit-platform-commons\1.6.2\junit-platform-commons-1.6.2.jar;C:\Users\W269600\.m2\repository\org\junit\jupiter\junit-jupiter-params\5.6.2\junit-jupiter-params-5.6.2.jar;C:\Users\W269600\.m2\repository\org\junit\jupiter\junit-jupiter-engine\5.6.2\junit-jupiter-engine-5.6.2.jar;C:\Users\W269600\.m2\repository\org\junit\platform\junit-platform-engine\1.6.2\junit-platform-engine-1.6.2.jar;C:\Users\W269600\.m2\repository\org\mockito\mockito-junit-jupiter\3.1.0\mockito-junit-jupiter-3.1.0.jar;C:\Users\W269600\.m2\repository\org\assertj\assertj-core\3.13.2\assertj-core-3.13.2.jar;C:\Users\W269600\.m2\repository\org\hamcrest\hamcrest\2.1\hamcrest-2.1.jar;C:\Users\W269600\.m2\repository\org\mockito\mockito-core\3.1.0\mockito-core-3.1.0.jar;C:\Users\W269600\.m2\repository\net\bytebuddy\byte-buddy\1.10.8\byte-buddy-1.10.8.jar;C:\Users\W269600\.m2\repository\net\bytebuddy\byte-buddy-agent\1.10.8\byte-buddy-agent-1.10.8.jar;C:\Users\W269600\.m2\repository\org\objenesis\objenesis\2.6\objenesis-2.6.jar;C:\Users\W269600\.m2\repository\org\skyscreamer\jsonassert\1.5.0\jsonassert-1.5.0.jar;C:\Users\W269600\.m2\repository\com\vaadin\external\google\android-json\0.0.20131108.vaadin1\android-json-0.0.20131108.vaadin1.jar;C:\Users\W269600\.m2\repository\org\springframework\spring-core\5.2.5.RELEASE\spring-core-5.2.5.RELEASE.jar;C:\Users\W269600\.m2\repository\org\springframework\spring-jcl\5.2.5.RELEASE\spring-jcl-5.2.5.RELEASE.jar;C:\Users\W269600\.m2\repository\org\springframework\spring-test\5.2.5.RELEASE\spring-test-5.2.5.RELEASE.jar;C:\Users\W269600\.m2\repository\org\xmlunit\xmlunit-core\2.6.4\xmlunit-core-2.6.4.jar;C:\Users\W269600\.m2\repository\junit-addons\junit-addons\1.4\junit-addons-1.4.jar;C:\Users\W269600\Desktop\Repositories\Java\FormsFeeder\formsfeeder.core\target\formsfeeder.core-0.0.1-SNAPSHOT.jar;C:\Users\W269600\Desktop\Repositories\Java\FormsFeeder\formsfeeder.pf4j-spring\target\formsfeeder.pf4j-spring-0.0.1-SNAPSHOT.jar;C:\Users\W269600\.m2\repository\org\pf4j\pf4j\3.3.1\pf4j-3.3.1.jar;C:\Users\W269600\.m2\repository\org\slf4j\slf4j-api\1.7.30\slf4j-api-1.7.30.jar;C:\Users\W269600\.m2\repository\com\github\zafarkhaja\java-semver\0.9.0\java-semver-0.9.0.jar;C:\Users\W269600\.m2\repository\javax\annotation\javax.annotation-api\1.3.2\javax.annotation-api-1.3.2.jar;C:\Users\W269600\.m2\repository\org\apache\pdfbox\pdfbox\2.0.19\pdfbox-2.0.19.jar;C:\Users\W269600\.m2\repository\org\apache\pdfbox\fontbox\2.0.19\fontbox-2.0.19.jar;C:\Users\W269600\.m2\repository\commons-logging\commons-logging\1.2\commons-logging-1.2.jar;C:\Users\W269600\.m2\repository\com\jcabi\jcabi-xml\0.22.1\jcabi-xml-0.22.1.jar;C:\Users\W269600\.m2\repository\com\jcabi\jcabi-log\0.18.1\jcabi-log-0.18.1.jar;C:\Users\W269600\.m2\repository\org\cactoos\cactoos\0.20\cactoos-0.20.jar;C:\Users\W269600\.m2\repository\com\github\tomakehurst\wiremock-jre8\2.26.3\wiremock-jre8-2.26.3.jar;C:\Users\W269600\.m2\repository\org\eclipse\jetty\jetty-server\9.4.27.v20200227\jetty-server-9.4.27.v20200227.jar;C:\Users\W269600\.m2\repository\javax\servlet\javax.servlet-api\4.0.1\javax.servlet-api-4.0.1.jar;C:\Users\W269600\.m2\repository\org\eclipse\jetty\jetty-http\9.4.27.v20200227\jetty-http-9.4.27.v20200227.jar;C:\Users\W269600\.m2\repository\org\eclipse\jetty\jetty-io\9.4.27.v20200227\jetty-io-9.4.27.v20200227.jar;C:\Users\W269600\.m2\repository\org\eclipse\jetty\jetty-servlet\9.4.27.v20200227\jetty-servlet-9.4.27.v20200227.jar;C:\Users\W269600\.m2\repository\org\eclipse\jetty\jetty-security\9.4.27.v20200227\jetty-security-9.4.27.v20200227.jar;C:\Users\W269600\.m2\repository\org\eclipse\jetty\jetty-servlets\9.4.27.v20200227\jetty-servlets-9.4.27.v20200227.jar;C:\Users\W269600\.m2\repository\org\eclipse\jetty\jetty-continuation\9.4.27.v20200227\jetty-continuation-9.4.27.v20200227.jar;C:\Users\W269600\.m2\repository\org\eclipse\jetty\jetty-util\9.4.27.v20200227\jetty-util-9.4.27.v20200227.jar;C:\Users\W269600\.m2\repository\org\eclipse\jetty\jetty-webapp\9.4.27.v20200227\jetty-webapp-9.4.27.v20200227.jar;C:\Users\W269600\.m2\repository\org\eclipse\jetty\jetty-xml\9.4.27.v20200227\jetty-xml-9.4.27.v20200227.jar;C:\Users\W269600\.m2\repository\com\google\guava\guava\27.0.1-jre\guava-27.0.1-jre.jar;C:\Users\W269600\.m2\repository\com\google\guava\failureaccess\1.0.1\failureaccess-1.0.1.jar;C:\Users\W269600\.m2\repository\com\google\guava\listenablefuture\9999.0-empty-to-avoid-conflict-with-guava\listenablefuture-9999.0-empty-to-avoid-conflict-with-guava.jar;C:\Users\W269600\.m2\repository\com\google\code\findbugs\jsr305\3.0.2\jsr305-3.0.2.jar;C:\Users\W269600\.m2\repository\org\checkerframework\checker-qual\2.5.2\checker-qual-2.5.2.jar;C:\Users\W269600\.m2\repository\com\google\errorprone\error_prone_annotations\2.2.0\error_prone_annotations-2.2.0.jar;C:\Users\W269600\.m2\repository\com\google\j2objc\j2objc-annotations\1.1\j2objc-annotations-1.1.jar;C:\Users\W269600\.m2\repository\org\codehaus\mojo\animal-sniffer-annotations\1.17\animal-sniffer-annotations-1.17.jar;C:\Users\W269600\.m2\repository\com\fasterxml\jackson\core\jackson-core\2.10.3\jackson-core-2.10.3.jar;C:\Users\W269600\.m2\repository\com\fasterxml\jackson\core\jackson-annotations\2.10.3\jackson-annotations-2.10.3.jar;C:\Users\W269600\.m2\repository\com\fasterxml\jackson\core\jackson-databind\2.10.3\jackson-databind-2.10.3.jar;C:\Users\W269600\.m2\repository\org\apache\httpcomponents\httpclient\4.5.12\httpclient-4.5.12.jar;C:\Users\W269600\.m2\repository\org\apache\httpcomponents\httpcore\4.4.13\httpcore-4.4.13.jar;C:\Users\W269600\.m2\repository\commons-codec\commons-codec\1.13\commons-codec-1.13.jar;C:\Users\W269600\.m2\repository\org\xmlunit\xmlunit-legacy\2.6.4\xmlunit-legacy-2.6.4.jar;C:\Users\W269600\.m2\repository\org\xmlunit\xmlunit-placeholders\2.6.4\xmlunit-placeholders-2.6.4.jar;C:\Users\W269600\.m2\repository\org\ow2\asm\asm\7.0\asm-7.0.jar;C:\Users\W269600\.m2\repository\net\sf\jopt-simple\jopt-simple\5.0.3\jopt-simple-5.0.3.jar;C:\Users\W269600\.m2\repository\org\apache\commons\commons-lang3\3.9\commons-lang3-3.9.jar;C:\Users\W269600\.m2\repository\com\github\jknack\handlebars\4.1.2\handlebars-4.1.2.jar;C:\Users\W269600\.m2\repository\com\github\jknack\handlebars-helpers\4.1.2\handlebars-helpers-4.1.2.jar;C:\Users\W269600\.m2\repository\com\flipkart\zjsonpatch\zjsonpatch\0.4.4\zjsonpatch-0.4.4.jar;C:\Users\W269600\.m2\repository\commons-fileupload\commons-fileupload\1.4\commons-fileupload-1.4.jar;C:\Users\W269600\.m2\repository\commons-io\commons-io\2.2\commons-io-2.2.jar;C:\Users\W269600\.m2\repository\org\eclipse\jetty\http2\http2-server\9.4.27.v20200227\http2-server-9.4.27.v20200227.jar;C:\Users\W269600\.m2\repository\org\eclipse\jetty\http2\http2-common\9.4.27.v20200227\http2-common-9.4.27.v20200227.jar;C:\Users\W269600\.m2\repository\org\eclipse\jetty\http2\http2-hpack\9.4.27.v20200227\http2-hpack-9.4.27.v20200227.jar;C:\Users\W269600\.m2\repository\org\eclipse\jetty\jetty-alpn-server\9.4.27.v20200227\jetty-alpn-server-9.4.27.v20200227.jar;C:\Users\W269600\.m2\repository\org\eclipse\jetty\jetty-alpn-conscrypt-server\9.4.27.v20200227\jetty-alpn-conscrypt-server-9.4.27.v20200227.jar;C:\Users\W269600\.m2\repository\org\conscrypt\conscrypt-openjdk-uber\2.1.0\conscrypt-openjdk-uber-2.1.0.jar;C:\Users\W269600\.m2\repository\org\eclipse\jetty\jetty-alpn-conscrypt-client\9.4.27.v20200227\jetty-alpn-conscrypt-client-9.4.27.v20200227.jar;C:\Users\W269600\.m2\repository\org\eclipse\jetty\jetty-alpn-client\9.4.27.v20200227\jetty-alpn-client-9.4.27.v20200227.jar;C:\Users\W269600\.m2\repository\net\javacrumbs\json-unit\json-unit-core\2.12.0\json-unit-core-2.12.0.jar;C:\Users\W269600\.m2\repository\org\opentest4j\opentest4j\1.1.1\opentest4j-1.1.1.jar;C:\Users\W269600\.m2\repository\org\hamcrest\hamcrest-core\2.1\hamcrest-core-2.1.jar;"/>
    <property name="sun.cpu.endian" value="little"/>
    <property name="user.home" value="C:\Users\W269600"/>
    <property name="user.language" value="en"/>
    <property name="java.specification.vendor" value="Oracle Corporation"/>
    <property name="java.version.date" value="2019-04-16"/>
    <property name="java.home" value="C:\Program Files\AdoptOpenJDK_11\jdk-11.0.3.7-openj9"/>
    <property name="ibm.signalhandling.rs" value="false"/>
    <property name="file.separator" value="\"/>
    <property name="jdk.extensions.name" value="Extensions for OpenJDK for Eclipse OpenJ9"/>
    <property name="basedir" value="C:\Users\W269600\Desktop\Repositories\Java\FormsFeeder\formsfeeder.server"/>
    <property name="line.separator" value="&#10;"/>
    <property name="java.vm.specification.vendor" value="Oracle Corporation"/>
    <property name="java.specification.name" value="Java Platform API Specification"/>
    <property name="java.compiler" value="j9jit29"/>
    <property name="com.ibm.util.extralibs.properties" value=""/>
    <property name="java.awt.graphicsenv" value="sun.awt.Win32GraphicsEnvironment"/>
    <property name="com.ibm.oti.configuration" value="scar"/>
    <property name="java.awt.fonts" value=""/>
    <property name="surefire.real.class.path" value="C:\Users\W269600\AppData\Local\Temp\surefire3668982992070657402\surefirebooter11629502243309021239.jar"/>
    <property name="com.ibm.oti.shared.enabled" value="false"/>
    <property name="com.ibm.oti.vm.bootstrap.library.path" value="C:\Program Files\AdoptOpenJDK_11\jdk-11.0.3.7-openj9\bin\compressedrefs;C:\Program Files\AdoptOpenJDK_11\jdk-11.0.3.7-openj9\bin"/>
    <property name="com.ibm.cpu.endian" value="little"/>
    <property name="java.fullversion" value="11.0.3+7&#10;JRE 11 Windows 10 amd64-64-Bit Compressed References 20190531_235 (JIT enabled, AOT enabled)&#10;OpenJ9   - b8ab01656&#10;OMR      - b56045d2&#10;JCL      - dcdc97f9dc based on jdk-11.0.3+7"/>
    <property name="java.runtime.version" value="11.0.3+7"/>
    <property name="user.name" value="W269600"/>
    <property name="path.separator" value=";"/>
    <property name="os.version" value="10.0"/>
    <property name="java.runtime.name" value="OpenJDK Runtime Environment"/>
    <property name="ibm.signalhandling.sigint" value="true"/>
    <property name="file.encoding" value="Cp1252"/>
    <property name="java.vm.name" value="Eclipse OpenJ9 VM"/>
    <property name="java.vendor.version" value="AdoptOpenJDK"/>
    <property name="ibm.signalhandling.sigchain" value="true"/>
    <property name="localRepository" value="C:\Users\W269600\.m2\repository"/>
    <property name="java.io.tmpdir" value="C:\Users\W269600\AppData\Local\Temp\"/>
    <property name="idea.version" value="2018.1.6"/>
    <property name="java.version" value="11.0.3"/>
    <property name="com.ibm.system.agent.path" value="C:\Program Files\AdoptOpenJDK_11\jdk-11.0.3.7-openj9\bin"/>
    <property name="user.dir" value="C:\Users\W269600\Desktop\Repositories\Java\FormsFeeder\formsfeeder.server"/>
    <property name="os.arch" value="amd64"/>
    <property name="java.vm.specification.name" value="Java Virtual Machine Specification"/>
    <property name="java.awt.printerjob" value="sun.awt.windows.WPrinterJob"/>
    <property name="os.encoding" value="UTF8"/>
    <property name="java.library.path" value="C:\Program Files\AdoptOpenJDK_11\jdk-11.0.3.7-openj9\bin\compressedrefs;C:\Program Files\AdoptOpenJDK_11\jdk-11.0.3.7-openj9\bin;C:\windows\system32;C:\windows;C:\Program Files\Java\jdk1.8.0_161\bin;C:\Tools\Ruby\bin;C:\Python27\;C:\Python27\Scripts;C:\Tools\Python37\Scripts\;C:\Tools\Python37\;C:\Program Files (x86)\RSA SecurID Token Common;C:\Program Files\RSA SecurID Token Common;C:\windows\system32;C:\windows;C:\windows\System32\Wbem;C:\windows\System32\WindowsPowerShell\v1.0\;C:\windows\System32\OpenSSH\;C:\Program Files (x86)\PFG Common Files\Dependent DLLs\;C:\Program Files\PuTTY\;C:\Program Files (x86)\Microsoft SQL Server\Client SDK\ODBC\130\Tools\Binn\;C:\Program Files (x86)\Microsoft SQL Server\140\Tools\Binn\;C:\Program Files (x86)\Microsoft SQL Server\140\DTS\Binn\;C:\Program Files (x86)\Microsoft SQL Server\140\Tools\Binn\ManagementStudio\;C:\Program Files\TortoiseGit\bin;C:\Program Files\Fortify\Fortify_SCA_and_Apps_19.1.2\bin;C:\Program Files\nodejs\;C:\ProgramData\chocolatey\bin;C:\Program Files\Git\cmd;C:\Tools\curl-7.46.0-win64\bin;C:\Tools\apache-maven-3.5.2\bin;C:\Program Files (x86)\Plantronics\Spokes3G\;C:\Tools\Ruby\bin;C:\Users\W269600\AppData\Local\Microsoft\WindowsApps;C:\Users\W269600\AppData\Local\Programs\Microsoft VS Code\bin;C:\Users\W269600\AppData\Roaming\npm;C:\Tools\Python37\;C:\Tools\Python37\Scripts\;;."/>
    <property name="java.vendor" value="Eclipse OpenJ9"/>
    <property name="java.vm.info" value="JRE 11 Windows 10 amd64-64-Bit Compressed References 20190531_235 (JIT enabled, AOT enabled)&#10;OpenJ9   - b8ab01656&#10;OMR      - b56045d2&#10;JCL      - dcdc97f9dc based on jdk-11.0.3+7"/>
    <property name="java.vm.version" value="openj9-0.14.3"/>
    <property name="com.ibm.jcl.checkClassPath" value=""/>
    <property name="ibm.system.encoding" value="Cp1252"/>
    <property name="sun.io.unicode.encoding" value="UnicodeLittle"/>
    <property name="java.class.version" value="55.0"/>
  </properties>
  <testcase name="contextLoads" classname="com._4point.aem.formsfeeder.server.ApplicationTests" time="0">
    <error message="Failed to load ApplicationContext" type="java.lang.IllegalStateException">java.lang.IllegalStateException: Failed to load ApplicationContext
Caused by: org.springframework.beans.factory.UnsatisfiedDependencyException: Error creating bean with name 'feedConsumers': Unsatisfied dependency expressed through field 'springPluginManager'; nested exception is org.springframework.beans.factory.BeanCreationException: Error creating bean with name 'springPluginManager': Invocation of init method failed; nested exception is java.lang.NoClassDefFoundError: com._4point.aem.fluentforms.api.generate.GeneratePDFService
Caused by: org.springframework.beans.factory.BeanCreationException: Error creating bean with name 'springPluginManager': Invocation of init method failed; nested exception is java.lang.NoClassDefFoundError: com._4point.aem.fluentforms.api.generate.GeneratePDFService
Caused by: java.lang.NoClassDefFoundError: com._4point.aem.fluentforms.api.generate.GeneratePDFService
Caused by: java.lang.ClassNotFoundException: com._4point.aem.fluentforms.api.generate.GeneratePDFService
</error>
    <system-out><![CDATA[18:08:59.784 [main] DEBUG org.springframework.test.context.BootstrapUtils - Instantiating CacheAwareContextLoaderDelegate from class [org.springframework.test.context.cache.DefaultCacheAwareContextLoaderDelegate]
18:08:59.815 [main] DEBUG org.springframework.test.context.BootstrapUtils - Instantiating BootstrapContext using constructor [public org.springframework.test.context.support.DefaultBootstrapContext(java.lang.Class,org.springframework.test.context.CacheAwareContextLoaderDelegate)]
18:08:59.877 [main] DEBUG org.springframework.test.context.BootstrapUtils - Instantiating TestContextBootstrapper for test class [com._4point.aem.formsfeeder.server.ApplicationTests] from class [org.springframework.boot.test.context.SpringBootTestContextBootstrapper]
18:08:59.894 [main] INFO org.springframework.boot.test.context.SpringBootTestContextBootstrapper - Neither @ContextConfiguration nor @ContextHierarchy found for test class [com._4point.aem.formsfeeder.server.ApplicationTests], using SpringBootContextLoader
18:08:59.911 [main] DEBUG org.springframework.test.context.support.AbstractContextLoader - Did not detect default resource location for test class [com._4point.aem.formsfeeder.server.ApplicationTests]: class path resource [com/_4point/aem/formsfeeder/server/ApplicationTests-context.xml] does not exist
18:08:59.911 [main] DEBUG org.springframework.test.context.support.AbstractContextLoader - Did not detect default resource location for test class [com._4point.aem.formsfeeder.server.ApplicationTests]: class path resource [com/_4point/aem/formsfeeder/server/ApplicationTestsContext.groovy] does not exist
18:08:59.911 [main] INFO org.springframework.test.context.support.AbstractContextLoader - Could not detect default resource locations for test class [com._4point.aem.formsfeeder.server.ApplicationTests]: no resource found for suffixes {-context.xml, Context.groovy}.
18:08:59.911 [main] INFO org.springframework.test.context.support.AnnotationConfigContextLoaderUtils - Could not detect default configuration classes for test class [com._4point.aem.formsfeeder.server.ApplicationTests]: ApplicationTests does not declare any static, non-private, non-final, nested classes annotated with @Configuration.
18:08:59.978 [main] DEBUG org.springframework.test.context.support.ActiveProfilesUtils - Could not find an 'annotation declaring class' for annotation type [org.springframework.test.context.ActiveProfiles] and class [com._4point.aem.formsfeeder.server.ApplicationTests]
18:09:00.176 [main] DEBUG org.springframework.context.annotation.ClassPathScanningCandidateComponentProvider - Identified candidate component class: file [C:\Users\W269600\Desktop\Repositories\Java\FormsFeeder\formsfeeder.server\target\classes\com\_4point\aem\formsfeeder\server\Application.class]
18:09:00.198 [main] INFO org.springframework.boot.test.context.SpringBootTestContextBootstrapper - Found @SpringBootConfiguration com._4point.aem.formsfeeder.server.Application for test class com._4point.aem.formsfeeder.server.ApplicationTests
18:09:00.377 [main] DEBUG org.springframework.boot.test.context.SpringBootTestContextBootstrapper - @TestExecutionListeners is not present for class [com._4point.aem.formsfeeder.server.ApplicationTests]: using defaults.
18:09:00.377 [main] INFO org.springframework.boot.test.context.SpringBootTestContextBootstrapper - Loaded default TestExecutionListener class names from location [META-INF/spring.factories]: [org.springframework.boot.test.mock.mockito.MockitoTestExecutionListener, org.springframework.boot.test.mock.mockito.ResetMocksTestExecutionListener, org.springframework.boot.test.autoconfigure.restdocs.RestDocsTestExecutionListener, org.springframework.boot.test.autoconfigure.web.client.MockRestServiceServerResetTestExecutionListener, org.springframework.boot.test.autoconfigure.web.servlet.MockMvcPrintOnlyOnFailureTestExecutionListener, org.springframework.boot.test.autoconfigure.web.servlet.WebDriverTestExecutionListener, org.springframework.test.context.web.ServletTestExecutionListener, org.springframework.test.context.support.DirtiesContextBeforeModesTestExecutionListener, org.springframework.test.context.support.DependencyInjectionTestExecutionListener, org.springframework.test.context.support.DirtiesContextTestExecutionListener, org.springframework.test.context.transaction.TransactionalTestExecutionListener, org.springframework.test.context.jdbc.SqlScriptsTestExecutionListener, org.springframework.test.context.event.EventPublishingTestExecutionListener]
18:09:00.394 [main] DEBUG org.springframework.boot.test.context.SpringBootTestContextBootstrapper - Skipping candidate TestExecutionListener [org.springframework.test.context.transaction.TransactionalTestExecutionListener] due to a missing dependency. Specify custom listener classes or make the default listener classes and their required dependencies available. Offending class: [org.springframework.transaction.interceptor.TransactionAttributeSource]
18:09:00.394 [main] DEBUG org.springframework.boot.test.context.SpringBootTestContextBootstrapper - Skipping candidate TestExecutionListener [org.springframework.test.context.jdbc.SqlScriptsTestExecutionListener] due to a missing dependency. Specify custom listener classes or make the default listener classes and their required dependencies available. Offending class: [org.springframework.transaction.interceptor.TransactionAttribute]
18:09:00.410 [main] INFO org.springframework.boot.test.context.SpringBootTestContextBootstrapper - Using TestExecutionListeners: [org.springframework.test.context.web.ServletTestExecutionListener@d41410d2, org.springframework.test.context.support.DirtiesContextBeforeModesTestExecutionListener@af671f4, org.springframework.boot.test.mock.mockito.MockitoTestExecutionListener@c6d4b75, org.springframework.boot.test.autoconfigure.SpringBootDependencyInjectionTestExecutionListener@c6a89903, org.springframework.test.context.support.DirtiesContextTestExecutionListener@c585dddb, org.springframework.test.context.event.EventPublishingTestExecutionListener@cc4f47cf, org.springframework.boot.test.mock.mockito.ResetMocksTestExecutionListener@c0084a8f, org.springframework.boot.test.autoconfigure.restdocs.RestDocsTestExecutionListener@e3bbf6f, org.springframework.boot.test.autoconfigure.web.client.MockRestServiceServerResetTestExecutionListener@c6e87f6, org.springframework.boot.test.autoconfigure.web.servlet.MockMvcPrintOnlyOnFailureTestExecutionListener@ab0bba8c, org.springframework.boot.test.autoconfigure.web.servlet.WebDriverTestExecutionListener@ce9f2c5e]
18:09:00.411 [main] DEBUG org.springframework.test.context.support.AbstractDirtiesContextTestExecutionListener - Before test class: context [DefaultTestContext@d2734694 testClass = ApplicationTests, testInstance = [null], testMethod = [null], testException = [null], mergedContextConfiguration = [WebMergedContextConfiguration@8c4f610a testClass = ApplicationTests, locations = '{}', classes = '{class com._4point.aem.formsfeeder.server.Application}', contextInitializerClasses = '[]', activeProfiles = '{}', propertySourceLocations = '{}', propertySourceProperties = '{org.springframework.boot.test.context.SpringBootTestContextBootstrapper=true}', contextCustomizers = set[org.springframework.boot.test.context.filter.ExcludeFilterContextCustomizer@991c1694, org.springframework.boot.test.json.DuplicateJsonObjectContextCustomizerFactory$DuplicateJsonObjectContextCustomizer@efe597bb, org.springframework.boot.test.mock.mockito.MockitoContextCustomizer@0, org.springframework.boot.test.web.client.TestRestTemplateContextCustomizer@f5fadaa5, org.springframework.boot.test.autoconfigure.properties.PropertyMappingContextCustomizer@0, org.springframework.boot.test.autoconfigure.web.servlet.WebDriverContextCustomizerFactory$Customizer@a148af4e], resourceBasePath = 'src/main/webapp', contextLoader = 'org.springframework.boot.test.context.SpringBootContextLoader', parent = [null]], attributes = map['org.springframework.test.context.web.ServletTestExecutionListener.activateListener' -> true]], class annotated with @DirtiesContext [false] with mode [null].
18:09:00.470 [main] DEBUG org.springframework.test.context.support.TestPropertySourceUtils - Adding inlined properties to environment: {spring.jmx.enabled=false, org.springframework.boot.test.context.SpringBootTestContextBootstrapper=true, server.port=-1}

  .   ____          _            __ _ _
 /\\ / ___'_ __ _ _(_)_ __  __ _ \ \ \ \
( ( )\___ | '_ | '_| | '_ \/ _` | \ \ \ \
 \\/  ___)| |_)| | | | | || (_| |  ) ) ) )
  '  |____| .__|_| |_|_| |_\__, | / / / /
 =========|_|==============|___/=/_/_/_/
 :: Spring Boot ::        (v2.2.6.RELEASE)

2020-07-20 18:09:01.179  INFO 14340 --- [           main] c._.a.f.server.ApplicationTests          : Starting ApplicationTests on LTWX5CG8262FZF with PID 14340 (started by W269600 in C:\Users\W269600\Desktop\Repositories\Java\FormsFeeder\formsfeeder.server)
2020-07-20 18:09:01.179 DEBUG 14340 --- [           main] c._.a.f.server.ApplicationTests          : Running with Spring Boot v2.2.6.RELEASE, Spring v5.2.5.RELEASE
2020-07-20 18:09:01.179  INFO 14340 --- [           main] c._.a.f.server.ApplicationTests          : No active profile set, falling back to default profiles: default
2020-07-20 18:09:03.123  INFO 14340 --- [           main] org.pf4j.DefaultPluginStatusProvider     : Enabled plugins: []
2020-07-20 18:09:03.123  INFO 14340 --- [           main] org.pf4j.DefaultPluginStatusProvider     : Disabled plugins: []
2020-07-20 18:09:03.139  INFO 14340 --- [           main] org.pf4j.DefaultPluginManager            : PF4J version 3.3.1 in 'deployment' mode
2020-07-20 18:09:03.459  INFO 14340 --- [           main] org.pf4j.AbstractPluginManager           : Plugin 'com._4point.aem.formsfeeder.plugins.mock@0.0.1-SNAPSHOT' resolved
2020-07-20 18:09:03.461  INFO 14340 --- [           main] org.pf4j.AbstractPluginManager           : Plugin 'com.principal.css.aem.plugins.GeneratePDF@2.2.0' resolved
2020-07-20 18:09:03.462  INFO 14340 --- [           main] org.pf4j.AbstractPluginManager           : Plugin 'com._4point.aem.formsfeeder.plugins.example@0.0.1-SNAPSHOT' resolved
2020-07-20 18:09:03.462  INFO 14340 --- [           main] org.pf4j.AbstractPluginManager           : Plugin 'com._4point.aem.formsfeeder.plugins.debug@0.0.1-SNAPSHOT' resolved
2020-07-20 18:09:03.463  INFO 14340 --- [           main] org.pf4j.AbstractPluginManager           : Start plugin 'com._4point.aem.formsfeeder.plugins.mock@0.0.1-SNAPSHOT'
2020-07-20 18:09:03.463  INFO 14340 --- [           main] org.pf4j.AbstractPluginManager           : Start plugin 'com.principal.css.aem.plugins.GeneratePDF@2.2.0'
2020-07-20 18:09:03.469  INFO 14340 --- [           main] org.pf4j.AbstractPluginManager           : Start plugin 'com._4point.aem.formsfeeder.plugins.example@0.0.1-SNAPSHOT'
2020-07-20 18:09:03.481  INFO 14340 --- [           main] org.pf4j.AbstractPluginManager           : Start plugin 'com._4point.aem.formsfeeder.plugins.debug@0.0.1-SNAPSHOT'
2020-07-20 18:09:03.510 DEBUG 14340 --- [           main] c._.a.f.pf4j.ExtensionsInjector          : Registering extensions of the plugin 'com._4point.aem.formsfeeder.plugins.mock' as beans
2020-07-20 18:09:03.510 DEBUG 14340 --- [           main] c._.a.f.pf4j.ExtensionsInjector          : Register extension 'com._4point.aem.formsfeeder.plugins.mock.MockPlugin$MockExtension' as bean
2020-07-20 18:09:03.515 DEBUG 14340 --- [           main] c._.a.f.p.mock.MockPlugin$MockExtension  : inside MockExtension constructor
2020-07-20 18:09:03.530 DEBUG 14340 --- [           main] c._.a.f.pf4j.ExtensionsInjector          : Registering extensions of the plugin 'com.principal.css.aem.plugins.GeneratePDF' as beans
2020-07-20 18:09:03.530 DEBUG 14340 --- [           main] c._.a.f.pf4j.ExtensionsInjector          : Register extension 'com.principal.css.aem.plugins.GeneratePDF$GeneratePDFFeedConsumerExtension' as bean
2020-07-20 18:09:03.530  WARN 14340 --- [           main] o.s.w.c.s.GenericWebApplicationContext   : Exception encountered during context initialization - cancelling refresh attempt: org.springframework.beans.factory.UnsatisfiedDependencyException: Error creating bean with name 'feedConsumers': Unsatisfied dependency expressed through field 'springPluginManager'; nested exception is org.springframework.beans.factory.BeanCreationException: Error creating bean with name 'springPluginManager': Invocation of init method failed; nested exception is java.lang.NoClassDefFoundError: com._4point.aem.fluentforms.api.generate.GeneratePDFService
2020-07-20 18:09:03.544  INFO 14340 --- [           main] ConditionEvaluationReportLoggingListener : 

Error starting ApplicationContext. To display the conditions report re-run your application with 'debug' enabled.
2020-07-20 18:09:03.578 ERROR 14340 --- [           main] o.s.boot.SpringApplication               : Application run failed

org.springframework.beans.factory.UnsatisfiedDependencyException: Error creating bean with name 'feedConsumers': Unsatisfied dependency expressed through field 'springPluginManager'; nested exception is org.springframework.beans.factory.BeanCreationException: Error creating bean with name 'springPluginManager': Invocation of init method failed; nested exception is java.lang.NoClassDefFoundError: com._4point.aem.fluentforms.api.generate.GeneratePDFService
	at org.springframework.beans.factory.annotation.AutowiredAnnotationBeanPostProcessor$AutowiredFieldElement.inject(AutowiredAnnotationBeanPostProcessor.java:643) ~[spring-beans-5.2.5.RELEASE.jar:5.2.5.RELEASE]
	at org.springframework.beans.factory.annotation.InjectionMetadata.inject(InjectionMetadata.java:130) ~[spring-beans-5.2.5.RELEASE.jar:5.2.5.RELEASE]
	at org.springframework.beans.factory.annotation.AutowiredAnnotationBeanPostProcessor.postProcessProperties(AutowiredAnnotationBeanPostProcessor.java:399) ~[spring-beans-5.2.5.RELEASE.jar:5.2.5.RELEASE]
	at org.springframework.beans.factory.support.AbstractAutowireCapableBeanFactory.populateBean(AbstractAutowireCapableBeanFactory.java:1422) ~[spring-beans-5.2.5.RELEASE.jar:5.2.5.RELEASE]
	at org.springframework.beans.factory.support.AbstractAutowireCapableBeanFactory.doCreateBean(AbstractAutowireCapableBeanFactory.java:594) ~[spring-beans-5.2.5.RELEASE.jar:5.2.5.RELEASE]
	at org.springframework.beans.factory.support.AbstractAutowireCapableBeanFactory.createBean(AbstractAutowireCapableBeanFactory.java:517) ~[spring-beans-5.2.5.RELEASE.jar:5.2.5.RELEASE]
	at org.springframework.beans.factory.support.AbstractBeanFactory.lambda$doGetBean$0(AbstractBeanFactory.java:323) ~[spring-beans-5.2.5.RELEASE.jar:5.2.5.RELEASE]
	at org.springframework.beans.factory.support.AbstractBeanFactory$$Lambda$489.000000008AEA88F0.getObject(Unknown Source) ~[na:na]
	at org.springframework.beans.factory.support.DefaultSingletonBeanRegistry.getSingleton(DefaultSingletonBeanRegistry.java:222) ~[spring-beans-5.2.5.RELEASE.jar:5.2.5.RELEASE]
	at org.springframework.beans.factory.support.AbstractBeanFactory.doGetBean(AbstractBeanFactory.java:321) ~[spring-beans-5.2.5.RELEASE.jar:5.2.5.RELEASE]
	at org.springframework.beans.factory.support.AbstractBeanFactory.getBean(AbstractBeanFactory.java:202) ~[spring-beans-5.2.5.RELEASE.jar:5.2.5.RELEASE]
	at org.springframework.beans.factory.support.DefaultListableBeanFactory.preInstantiateSingletons(DefaultListableBeanFactory.java:882) ~[spring-beans-5.2.5.RELEASE.jar:5.2.5.RELEASE]
	at org.springframework.context.support.AbstractApplicationContext.finishBeanFactoryInitialization(AbstractApplicationContext.java:878) ~[spring-context-5.2.5.RELEASE.jar:5.2.5.RELEASE]
	at org.springframework.context.support.AbstractApplicationContext.refresh(AbstractApplicationContext.java:550) ~[spring-context-5.2.5.RELEASE.jar:5.2.5.RELEASE]
	at org.springframework.boot.SpringApplication.refresh(SpringApplication.java:747) ~[spring-boot-2.2.6.RELEASE.jar:2.2.6.RELEASE]
	at org.springframework.boot.SpringApplication.refreshContext(SpringApplication.java:397) ~[spring-boot-2.2.6.RELEASE.jar:2.2.6.RELEASE]
	at org.springframework.boot.SpringApplication.run(SpringApplication.java:315) ~[spring-boot-2.2.6.RELEASE.jar:2.2.6.RELEASE]
	at org.springframework.boot.test.context.SpringBootContextLoader.loadContext(SpringBootContextLoader.java:126) ~[spring-boot-test-2.2.6.RELEASE.jar:2.2.6.RELEASE]
	at org.springframework.test.context.cache.DefaultCacheAwareContextLoaderDelegate.loadContextInternal(DefaultCacheAwareContextLoaderDelegate.java:99) ~[spring-test-5.2.5.RELEASE.jar:5.2.5.RELEASE]
	at org.springframework.test.context.cache.DefaultCacheAwareContextLoaderDelegate.loadContext(DefaultCacheAwareContextLoaderDelegate.java:124) ~[spring-test-5.2.5.RELEASE.jar:5.2.5.RELEASE]
	at org.springframework.test.context.support.DefaultTestContext.getApplicationContext(DefaultTestContext.java:123) ~[spring-test-5.2.5.RELEASE.jar:5.2.5.RELEASE]
	at org.springframework.test.context.web.ServletTestExecutionListener.setUpRequestContextIfNecessary(ServletTestExecutionListener.java:190) ~[spring-test-5.2.5.RELEASE.jar:5.2.5.RELEASE]
	at org.springframework.test.context.web.ServletTestExecutionListener.prepareTestInstance(ServletTestExecutionListener.java:132) ~[spring-test-5.2.5.RELEASE.jar:5.2.5.RELEASE]
	at org.springframework.test.context.TestContextManager.prepareTestInstance(TestContextManager.java:244) ~[spring-test-5.2.5.RELEASE.jar:5.2.5.RELEASE]
	at org.springframework.test.context.junit.jupiter.SpringExtension.postProcessTestInstance(SpringExtension.java:98) ~[spring-test-5.2.5.RELEASE.jar:5.2.5.RELEASE]
	at org.junit.jupiter.engine.descriptor.ClassBasedTestDescriptor.lambda$invokeTestInstancePostProcessors$5(ClassBasedTestDescriptor.java:341) ~[junit-jupiter-engine-5.6.2.jar:5.6.2]
	at org.junit.jupiter.engine.descriptor.ClassBasedTestDescriptor$$Lambda$373.000000008AACE450.execute(Unknown Source) ~[na:na]
	at org.junit.jupiter.engine.descriptor.ClassBasedTestDescriptor.executeAndMaskThrowable(ClassBasedTestDescriptor.java:346) ~[junit-jupiter-engine-5.6.2.jar:5.6.2]
	at org.junit.jupiter.engine.descriptor.ClassBasedTestDescriptor.lambda$invokeTestInstancePostProcessors$6(ClassBasedTestDescriptor.java:341) ~[junit-jupiter-engine-5.6.2.jar:5.6.2]
	at org.junit.jupiter.engine.descriptor.ClassBasedTestDescriptor$$Lambda$372.000000008AACDE30.accept(Unknown Source) ~[na:na]
	at java.util.stream.StreamSpliterators$WrappingSpliterator$$Lambda$149.000000008A68BAA0.accept(Unknown Source) ~[na:na]
	at java.base/java.util.stream.ReferencePipeline$3$1.accept(ReferencePipeline.java:195) ~[na:na]
	at java.base/java.util.stream.ReferencePipeline$2$1.accept(ReferencePipeline.java:177) ~[na:na]
	at java.base/java.util.ArrayList$ArrayListSpliterator.forEachRemaining(ArrayList.java:1654) ~[na:na]
	at java.base/java.util.stream.AbstractPipeline.copyInto(AbstractPipeline.java:497) ~[na:na]
	at java.base/java.util.stream.AbstractPipeline.wrapAndCopyInto(AbstractPipeline.java:487) ~[na:na]
	at java.base/java.util.stream.StreamSpliterators$WrappingSpliterator.forEachRemaining(StreamSpliterators.java:312) ~[na:na]
	at java.base/java.util.stream.Streams$ConcatSpliterator.forEachRemaining(Streams.java:740) ~[na:na]
	at java.base/java.util.stream.Streams$ConcatSpliterator.forEachRemaining(Streams.java:739) ~[na:na]
	at java.base/java.util.stream.ReferencePipeline$Head.forEach(ReferencePipeline.java:658) ~[na:na]
	at org.junit.jupiter.engine.descriptor.ClassBasedTestDescriptor.invokeTestInstancePostProcessors(ClassBasedTestDescriptor.java:340) ~[junit-jupiter-engine-5.6.2.jar:5.6.2]
	at org.junit.jupiter.engine.descriptor.ClassBasedTestDescriptor.instantiateAndPostProcessTestInstance(ClassBasedTestDescriptor.java:263) ~[junit-jupiter-engine-5.6.2.jar:5.6.2]
	at org.junit.jupiter.engine.descriptor.ClassBasedTestDescriptor.lambda$testInstancesProvider$2(ClassBasedTestDescriptor.java:256) ~[junit-jupiter-engine-5.6.2.jar:5.6.2]
	at org.junit.jupiter.engine.descriptor.ClassBasedTestDescriptor$$Lambda$366.000000008A97D500.get(Unknown Source) ~[na:na]
	at java.base/java.util.Optional.orElseGet(Optional.java:369) ~[na:na]
	at org.junit.jupiter.engine.descriptor.ClassBasedTestDescriptor.lambda$testInstancesProvider$3(ClassBasedTestDescriptor.java:255) ~[junit-jupiter-engine-5.6.2.jar:5.6.2]
	at org.junit.jupiter.engine.descriptor.ClassBasedTestDescriptor$$Lambda$273.000000008A7F04E0.getTestInstances(Unknown Source) ~[na:na]
	at org.junit.jupiter.engine.execution.TestInstancesProvider.getTestInstances(TestInstancesProvider.java:29) ~[junit-jupiter-engine-5.6.2.jar:5.6.2]
	at org.junit.jupiter.engine.descriptor.TestMethodTestDescriptor.lambda$prepare$0(TestMethodTestDescriptor.java:108) ~[junit-jupiter-engine-5.6.2.jar:5.6.2]
	at org.junit.jupiter.engine.descriptor.TestMethodTestDescriptor$$Lambda$365.000000008A97CED0.execute(Unknown Source) ~[na:na]
	at org.junit.platform.engine.support.hierarchical.ThrowableCollector.execute(ThrowableCollector.java:73) ~[junit-platform-engine-1.6.2.jar:1.6.2]
	at org.junit.jupiter.engine.descriptor.TestMethodTestDescriptor.prepare(TestMethodTestDescriptor.java:107) ~[junit-jupiter-engine-5.6.2.jar:5.6.2]
	at org.junit.jupiter.engine.descriptor.TestMethodTestDescriptor.prepare(TestMethodTestDescriptor.java:71) ~[junit-jupiter-engine-5.6.2.jar:5.6.2]
	at org.junit.platform.engine.support.hierarchical.NodeTestTask.lambda$prepare$1(NodeTestTask.java:107) ~[junit-platform-engine-1.6.2.jar:1.6.2]
	at org.junit.platform.engine.support.hierarchical.NodeTestTask$$Lambda$228.000000008A7A4120.execute(Unknown Source) ~[na:na]
	at org.junit.platform.engine.support.hierarchical.ThrowableCollector.execute(ThrowableCollector.java:73) ~[junit-platform-engine-1.6.2.jar:1.6.2]
	at org.junit.platform.engine.support.hierarchical.NodeTestTask.prepare(NodeTestTask.java:107) ~[junit-platform-engine-1.6.2.jar:1.6.2]
	at org.junit.platform.engine.support.hierarchical.NodeTestTask.execute(NodeTestTask.java:75) ~[junit-platform-engine-1.6.2.jar:1.6.2]
	at org.junit.platform.engine.support.hierarchical.SameThreadHierarchicalTestExecutorService$$Lambda$246.000000008A7C6C60.accept(Unknown Source) ~[na:na]
	at java.base/java.util.ArrayList.forEach(ArrayList.java:1540) ~[na:na]
	at org.junit.platform.engine.support.hierarchical.SameThreadHierarchicalTestExecutorService.invokeAll(SameThreadHierarchicalTestExecutorService.java:38) ~[junit-platform-engine-1.6.2.jar:1.6.2]
	at org.junit.platform.engine.support.hierarchical.NodeTestTask.lambda$executeRecursively$5(NodeTestTask.java:139) ~[junit-platform-engine-1.6.2.jar:1.6.2]
	at org.junit.platform.engine.support.hierarchical.NodeTestTask$$Lambda$242.000000008A7C67F0.execute(Unknown Source) ~[na:na]
	at org.junit.platform.engine.support.hierarchical.ThrowableCollector.execute(ThrowableCollector.java:73) ~[junit-platform-engine-1.6.2.jar:1.6.2]
	at org.junit.platform.engine.support.hierarchical.NodeTestTask.lambda$executeRecursively$7(NodeTestTask.java:125) ~[junit-platform-engine-1.6.2.jar:1.6.2]
	at org.junit.platform.engine.support.hierarchical.NodeTestTask$$Lambda$241.00000000896E6C10.invoke(Unknown Source) ~[na:na]
	at org.junit.platform.engine.support.hierarchical.Node.around(Node.java:135) ~[junit-platform-engine-1.6.2.jar:1.6.2]
	at org.junit.platform.engine.support.hierarchical.NodeTestTask.lambda$executeRecursively$8(NodeTestTask.java:123) ~[junit-platform-engine-1.6.2.jar:1.6.2]
	at org.junit.platform.engine.support.hierarchical.NodeTestTask$$Lambda$240.000000008A7C6380.execute(Unknown Source) ~[na:na]
	at org.junit.platform.engine.support.hierarchical.ThrowableCollector.execute(ThrowableCollector.java:73) ~[junit-platform-engine-1.6.2.jar:1.6.2]
	at org.junit.platform.engine.support.hierarchical.NodeTestTask.executeRecursively(NodeTestTask.java:122) ~[junit-platform-engine-1.6.2.jar:1.6.2]
	at org.junit.platform.engine.support.hierarchical.NodeTestTask.execute(NodeTestTask.java:80) ~[junit-platform-engine-1.6.2.jar:1.6.2]
	at org.junit.platform.engine.support.hierarchical.SameThreadHierarchicalTestExecutorService$$Lambda$246.000000008A7C6C60.accept(Unknown Source) ~[na:na]
	at java.base/java.util.ArrayList.forEach(ArrayList.java:1540) ~[na:na]
	at org.junit.platform.engine.support.hierarchical.SameThreadHierarchicalTestExecutorService.invokeAll(SameThreadHierarchicalTestExecutorService.java:38) ~[junit-platform-engine-1.6.2.jar:1.6.2]
	at org.junit.platform.engine.support.hierarchical.NodeTestTask.lambda$executeRecursively$5(NodeTestTask.java:139) ~[junit-platform-engine-1.6.2.jar:1.6.2]
	at org.junit.platform.engine.support.hierarchical.NodeTestTask$$Lambda$242.000000008A7C67F0.execute(Unknown Source) ~[na:na]
	at org.junit.platform.engine.support.hierarchical.ThrowableCollector.execute(ThrowableCollector.java:73) ~[junit-platform-engine-1.6.2.jar:1.6.2]
	at org.junit.platform.engine.support.hierarchical.NodeTestTask.lambda$executeRecursively$7(NodeTestTask.java:125) ~[junit-platform-engine-1.6.2.jar:1.6.2]
	at org.junit.platform.engine.support.hierarchical.NodeTestTask$$Lambda$241.00000000896E6C10.invoke(Unknown Source) ~[na:na]
	at org.junit.platform.engine.support.hierarchical.Node.around(Node.java:135) ~[junit-platform-engine-1.6.2.jar:1.6.2]
	at org.junit.platform.engine.support.hierarchical.NodeTestTask.lambda$executeRecursively$8(NodeTestTask.java:123) ~[junit-platform-engine-1.6.2.jar:1.6.2]
	at org.junit.platform.engine.support.hierarchical.NodeTestTask$$Lambda$240.000000008A7C6380.execute(Unknown Source) ~[na:na]
	at org.junit.platform.engine.support.hierarchical.ThrowableCollector.execute(ThrowableCollector.java:73) ~[junit-platform-engine-1.6.2.jar:1.6.2]
	at org.junit.platform.engine.support.hierarchical.NodeTestTask.executeRecursively(NodeTestTask.java:122) ~[junit-platform-engine-1.6.2.jar:1.6.2]
	at org.junit.platform.engine.support.hierarchical.NodeTestTask.execute(NodeTestTask.java:80) ~[junit-platform-engine-1.6.2.jar:1.6.2]
	at org.junit.platform.engine.support.hierarchical.SameThreadHierarchicalTestExecutorService.submit(SameThreadHierarchicalTestExecutorService.java:32) ~[junit-platform-engine-1.6.2.jar:1.6.2]
	at org.junit.platform.engine.support.hierarchical.HierarchicalTestExecutor.execute(HierarchicalTestExecutor.java:57) ~[junit-platform-engine-1.6.2.jar:1.6.2]
	at org.junit.platform.engine.support.hierarchical.HierarchicalTestEngine.execute(HierarchicalTestEngine.java:51) ~[junit-platform-engine-1.6.2.jar:1.6.2]
	at org.junit.platform.launcher.core.DefaultLauncher.execute(DefaultLauncher.java:220) ~[junit-platform-launcher-1.3.1.jar:1.3.1]
	at org.junit.platform.launcher.core.DefaultLauncher.lambda$execute$6(DefaultLauncher.java:188) ~[junit-platform-launcher-1.3.1.jar:1.3.1]
	at org.junit.platform.launcher.core.DefaultLauncher$$Lambda$211.000000008A5D2280.accept(Unknown Source) ~[na:na]
	at org.junit.platform.launcher.core.DefaultLauncher.withInterceptedStreams(DefaultLauncher.java:202) ~[junit-platform-launcher-1.3.1.jar:1.3.1]
	at org.junit.platform.launcher.core.DefaultLauncher.execute(DefaultLauncher.java:181) ~[junit-platform-launcher-1.3.1.jar:1.3.1]
	at org.junit.platform.launcher.core.DefaultLauncher.execute(DefaultLauncher.java:128) ~[junit-platform-launcher-1.3.1.jar:1.3.1]
	at org.apache.maven.surefire.junitplatform.JUnitPlatformProvider.invokeAllTests(JUnitPlatformProvider.java:150) ~[surefire-junit-platform-2.22.2.jar:2.22.2]
	at org.apache.maven.surefire.junitplatform.JUnitPlatformProvider.invoke(JUnitPlatformProvider.java:124) ~[surefire-junit-platform-2.22.2.jar:2.22.2]
	at org.apache.maven.surefire.booter.ForkedBooter.invokeProviderInSameClassLoader(ForkedBooter.java:384) ~[surefire-booter-2.22.2.jar:2.22.2]
	at org.apache.maven.surefire.booter.ForkedBooter.runSuitesInProcess(ForkedBooter.java:345) ~[surefire-booter-2.22.2.jar:2.22.2]
	at org.apache.maven.surefire.booter.ForkedBooter.execute(ForkedBooter.java:126) ~[surefire-booter-2.22.2.jar:2.22.2]
	at org.apache.maven.surefire.booter.ForkedBooter.main(ForkedBooter.java:418) ~[surefire-booter-2.22.2.jar:2.22.2]
Caused by: org.springframework.beans.factory.BeanCreationException: Error creating bean with name 'springPluginManager': Invocation of init method failed; nested exception is java.lang.NoClassDefFoundError: com._4point.aem.fluentforms.api.generate.GeneratePDFService
	at org.springframework.beans.factory.annotation.InitDestroyAnnotationBeanPostProcessor.postProcessBeforeInitialization(InitDestroyAnnotationBeanPostProcessor.java:160) ~[spring-beans-5.2.5.RELEASE.jar:5.2.5.RELEASE]
	at org.springframework.beans.factory.support.AbstractAutowireCapableBeanFactory.applyBeanPostProcessorsBeforeInitialization(AbstractAutowireCapableBeanFactory.java:416) ~[spring-beans-5.2.5.RELEASE.jar:5.2.5.RELEASE]
	at org.springframework.beans.factory.support.AbstractAutowireCapableBeanFactory.initializeBean(AbstractAutowireCapableBeanFactory.java:1788) ~[spring-beans-5.2.5.RELEASE.jar:5.2.5.RELEASE]
	at org.springframework.beans.factory.support.AbstractAutowireCapableBeanFactory.doCreateBean(AbstractAutowireCapableBeanFactory.java:595) ~[spring-beans-5.2.5.RELEASE.jar:5.2.5.RELEASE]
	at org.springframework.beans.factory.support.AbstractAutowireCapableBeanFactory.createBean(AbstractAutowireCapableBeanFactory.java:517) ~[spring-beans-5.2.5.RELEASE.jar:5.2.5.RELEASE]
	at org.springframework.beans.factory.support.AbstractBeanFactory.lambda$doGetBean$0(AbstractBeanFactory.java:323) ~[spring-beans-5.2.5.RELEASE.jar:5.2.5.RELEASE]
	at org.springframework.beans.factory.support.AbstractBeanFactory$$Lambda$489.000000008AEA88F0.getObject(Unknown Source) ~[na:na]
	at org.springframework.beans.factory.support.DefaultSingletonBeanRegistry.getSingleton(DefaultSingletonBeanRegistry.java:222) ~[spring-beans-5.2.5.RELEASE.jar:5.2.5.RELEASE]
	at org.springframework.beans.factory.support.AbstractBeanFactory.doGetBean(AbstractBeanFactory.java:321) ~[spring-beans-5.2.5.RELEASE.jar:5.2.5.RELEASE]
	at org.springframework.beans.factory.support.AbstractBeanFactory.getBean(AbstractBeanFactory.java:202) ~[spring-beans-5.2.5.RELEASE.jar:5.2.5.RELEASE]
	at org.springframework.beans.factory.config.DependencyDescriptor.resolveCandidate(DependencyDescriptor.java:276) ~[spring-beans-5.2.5.RELEASE.jar:5.2.5.RELEASE]
	at org.springframework.beans.factory.support.DefaultListableBeanFactory.doResolveDependency(DefaultListableBeanFactory.java:1290) ~[spring-beans-5.2.5.RELEASE.jar:5.2.5.RELEASE]
	at org.springframework.beans.factory.support.DefaultListableBeanFactory.resolveDependency(DefaultListableBeanFactory.java:1210) ~[spring-beans-5.2.5.RELEASE.jar:5.2.5.RELEASE]
	at org.springframework.beans.factory.annotation.AutowiredAnnotationBeanPostProcessor$AutowiredFieldElement.inject(AutowiredAnnotationBeanPostProcessor.java:640) ~[spring-beans-5.2.5.RELEASE.jar:5.2.5.RELEASE]
	... 100 common frames omitted
Caused by: java.lang.NoClassDefFoundError: com._4point.aem.fluentforms.api.generate.GeneratePDFService
	at java.base/java.lang.J9VMInternals.prepareClassImpl(Native Method) ~[na:na]
	at java.base/java.lang.J9VMInternals.prepare(J9VMInternals.java:349) ~[na:na]
	at java.base/java.lang.Class.getDeclaredConstructor(Class.java:796) ~[na:na]
	at com._4point.aem.formsfeeder.pf4j.SpringExtensionFactory.createWithoutSpring(SpringExtensionFactory.java:74) ~[formsfeeder.pf4j-spring-0.0.1-SNAPSHOT.jar:0.0.1-SNAPSHOT]
	at com._4point.aem.formsfeeder.pf4j.SpringExtensionFactory.create(SpringExtensionFactory.java:50) ~[formsfeeder.pf4j-spring-0.0.1-SNAPSHOT.jar:0.0.1-SNAPSHOT]
	at com._4point.aem.formsfeeder.pf4j.ExtensionsInjector.registerExtension(ExtensionsInjector.java:80) ~[formsfeeder.pf4j-spring-0.0.1-SNAPSHOT.jar:0.0.1-SNAPSHOT]
	at com._4point.aem.formsfeeder.pf4j.ExtensionsInjector.injectExtensions(ExtensionsInjector.java:64) ~[formsfeeder.pf4j-spring-0.0.1-SNAPSHOT.jar:0.0.1-SNAPSHOT]
	at com._4point.aem.formsfeeder.pf4j.SpringPluginManager.init(SpringPluginManager.java:68) ~[formsfeeder.pf4j-spring-0.0.1-SNAPSHOT.jar:0.0.1-SNAPSHOT]
	at java.base/jdk.internal.reflect.NativeMethodAccessorImpl.invoke0(Native Method) ~[na:na]
	at java.base/jdk.internal.reflect.NativeMethodAccessorImpl.invoke(NativeMethodAccessorImpl.java:62) ~[na:na]
	at java.base/jdk.internal.reflect.DelegatingMethodAccessorImpl.invoke(DelegatingMethodAccessorImpl.java:43) ~[na:na]
	at java.base/java.lang.reflect.Method.invoke(Method.java:566) ~[na:na]
	at org.springframework.beans.factory.annotation.InitDestroyAnnotationBeanPostProcessor$LifecycleElement.invoke(InitDestroyAnnotationBeanPostProcessor.java:389) ~[spring-beans-5.2.5.RELEASE.jar:5.2.5.RELEASE]
	at org.springframework.beans.factory.annotation.InitDestroyAnnotationBeanPostProcessor$LifecycleMetadata.invokeInitMethods(InitDestroyAnnotationBeanPostProcessor.java:333) ~[spring-beans-5.2.5.RELEASE.jar:5.2.5.RELEASE]
	at org.springframework.beans.factory.annotation.InitDestroyAnnotationBeanPostProcessor.postProcessBeforeInitialization(InitDestroyAnnotationBeanPostProcessor.java:157) ~[spring-beans-5.2.5.RELEASE.jar:5.2.5.RELEASE]
	... 113 common frames omitted
Caused by: java.lang.ClassNotFoundException: com._4point.aem.fluentforms.api.generate.GeneratePDFService
	at java.base/java.net.URLClassLoader.findClass(URLClassLoader.java:605) ~[na:na]
	at java.base/java.lang.ClassLoader.loadClassHelper(ClassLoader.java:1154) ~[na:na]
	at java.base/java.lang.ClassLoader.loadClass(ClassLoader.java:1069) ~[na:na]
	at java.base/java.lang.ClassLoader.loadClass(ClassLoader.java:1052) ~[na:na]
	at org.pf4j.PluginClassLoader.loadClass(PluginClassLoader.java:131) ~[pf4j-3.3.1.jar:3.3.1]
	... 128 common frames omitted

2020-07-20 18:09:03.610 ERROR 14340 --- [           main] o.s.test.context.TestContextManager      : Caught exception while allowing TestExecutionListener [org.springframework.test.context.web.ServletTestExecutionListener@d41410d2] to prepare test instance [com._4point.aem.formsfeeder.server.ApplicationTests@f341286a]

java.lang.IllegalStateException: Failed to load ApplicationContext
	at org.springframework.test.context.cache.DefaultCacheAwareContextLoaderDelegate.loadContext(DefaultCacheAwareContextLoaderDelegate.java:132) ~[spring-test-5.2.5.RELEASE.jar:5.2.5.RELEASE]
	at org.springframework.test.context.support.DefaultTestContext.getApplicationContext(DefaultTestContext.java:123) ~[spring-test-5.2.5.RELEASE.jar:5.2.5.RELEASE]
	at org.springframework.test.context.web.ServletTestExecutionListener.setUpRequestContextIfNecessary(ServletTestExecutionListener.java:190) ~[spring-test-5.2.5.RELEASE.jar:5.2.5.RELEASE]
	at org.springframework.test.context.web.ServletTestExecutionListener.prepareTestInstance(ServletTestExecutionListener.java:132) ~[spring-test-5.2.5.RELEASE.jar:5.2.5.RELEASE]
	at org.springframework.test.context.TestContextManager.prepareTestInstance(TestContextManager.java:244) ~[spring-test-5.2.5.RELEASE.jar:5.2.5.RELEASE]
	at org.springframework.test.context.junit.jupiter.SpringExtension.postProcessTestInstance(SpringExtension.java:98) ~[spring-test-5.2.5.RELEASE.jar:5.2.5.RELEASE]
	at org.junit.jupiter.engine.descriptor.ClassBasedTestDescriptor.lambda$invokeTestInstancePostProcessors$5(ClassBasedTestDescriptor.java:341) ~[junit-jupiter-engine-5.6.2.jar:5.6.2]
	at org.junit.jupiter.engine.descriptor.ClassBasedTestDescriptor$$Lambda$373.000000008AACE450.execute(Unknown Source) ~[na:na]
	at org.junit.jupiter.engine.descriptor.ClassBasedTestDescriptor.executeAndMaskThrowable(ClassBasedTestDescriptor.java:346) ~[junit-jupiter-engine-5.6.2.jar:5.6.2]
	at org.junit.jupiter.engine.descriptor.ClassBasedTestDescriptor.lambda$invokeTestInstancePostProcessors$6(ClassBasedTestDescriptor.java:341) ~[junit-jupiter-engine-5.6.2.jar:5.6.2]
	at org.junit.jupiter.engine.descriptor.ClassBasedTestDescriptor$$Lambda$372.000000008AACDE30.accept(Unknown Source) ~[na:na]
	at java.util.stream.StreamSpliterators$WrappingSpliterator$$Lambda$149.000000008A68BAA0.accept(Unknown Source) ~[na:na]
	at java.base/java.util.stream.ReferencePipeline$3$1.accept(ReferencePipeline.java:195) ~[na:na]
	at java.base/java.util.stream.ReferencePipeline$2$1.accept(ReferencePipeline.java:177) ~[na:na]
	at java.base/java.util.ArrayList$ArrayListSpliterator.forEachRemaining(ArrayList.java:1654) ~[na:na]
	at java.base/java.util.stream.AbstractPipeline.copyInto(AbstractPipeline.java:497) ~[na:na]
	at java.base/java.util.stream.AbstractPipeline.wrapAndCopyInto(AbstractPipeline.java:487) ~[na:na]
	at java.base/java.util.stream.StreamSpliterators$WrappingSpliterator.forEachRemaining(StreamSpliterators.java:312) ~[na:na]
	at java.base/java.util.stream.Streams$ConcatSpliterator.forEachRemaining(Streams.java:740) ~[na:na]
	at java.base/java.util.stream.Streams$ConcatSpliterator.forEachRemaining(Streams.java:739) ~[na:na]
	at java.base/java.util.stream.ReferencePipeline$Head.forEach(ReferencePipeline.java:658) ~[na:na]
	at org.junit.jupiter.engine.descriptor.ClassBasedTestDescriptor.invokeTestInstancePostProcessors(ClassBasedTestDescriptor.java:340) ~[junit-jupiter-engine-5.6.2.jar:5.6.2]
	at org.junit.jupiter.engine.descriptor.ClassBasedTestDescriptor.instantiateAndPostProcessTestInstance(ClassBasedTestDescriptor.java:263) ~[junit-jupiter-engine-5.6.2.jar:5.6.2]
	at org.junit.jupiter.engine.descriptor.ClassBasedTestDescriptor.lambda$testInstancesProvider$2(ClassBasedTestDescriptor.java:256) ~[junit-jupiter-engine-5.6.2.jar:5.6.2]
	at org.junit.jupiter.engine.descriptor.ClassBasedTestDescriptor$$Lambda$366.000000008A97D500.get(Unknown Source) ~[na:na]
	at java.base/java.util.Optional.orElseGet(Optional.java:369) ~[na:na]
	at org.junit.jupiter.engine.descriptor.ClassBasedTestDescriptor.lambda$testInstancesProvider$3(ClassBasedTestDescriptor.java:255) ~[junit-jupiter-engine-5.6.2.jar:5.6.2]
	at org.junit.jupiter.engine.descriptor.ClassBasedTestDescriptor$$Lambda$273.000000008A7F04E0.getTestInstances(Unknown Source) ~[na:na]
	at org.junit.jupiter.engine.execution.TestInstancesProvider.getTestInstances(TestInstancesProvider.java:29) ~[junit-jupiter-engine-5.6.2.jar:5.6.2]
	at org.junit.jupiter.engine.descriptor.TestMethodTestDescriptor.lambda$prepare$0(TestMethodTestDescriptor.java:108) ~[junit-jupiter-engine-5.6.2.jar:5.6.2]
	at org.junit.jupiter.engine.descriptor.TestMethodTestDescriptor$$Lambda$365.000000008A97CED0.execute(Unknown Source) ~[na:na]
	at org.junit.platform.engine.support.hierarchical.ThrowableCollector.execute(ThrowableCollector.java:73) ~[junit-platform-engine-1.6.2.jar:1.6.2]
	at org.junit.jupiter.engine.descriptor.TestMethodTestDescriptor.prepare(TestMethodTestDescriptor.java:107) ~[junit-jupiter-engine-5.6.2.jar:5.6.2]
	at org.junit.jupiter.engine.descriptor.TestMethodTestDescriptor.prepare(TestMethodTestDescriptor.java:71) ~[junit-jupiter-engine-5.6.2.jar:5.6.2]
	at org.junit.platform.engine.support.hierarchical.NodeTestTask.lambda$prepare$1(NodeTestTask.java:107) ~[junit-platform-engine-1.6.2.jar:1.6.2]
	at org.junit.platform.engine.support.hierarchical.NodeTestTask$$Lambda$228.000000008A7A4120.execute(Unknown Source) ~[na:na]
	at org.junit.platform.engine.support.hierarchical.ThrowableCollector.execute(ThrowableCollector.java:73) ~[junit-platform-engine-1.6.2.jar:1.6.2]
	at org.junit.platform.engine.support.hierarchical.NodeTestTask.prepare(NodeTestTask.java:107) ~[junit-platform-engine-1.6.2.jar:1.6.2]
	at org.junit.platform.engine.support.hierarchical.NodeTestTask.execute(NodeTestTask.java:75) ~[junit-platform-engine-1.6.2.jar:1.6.2]
	at org.junit.platform.engine.support.hierarchical.SameThreadHierarchicalTestExecutorService$$Lambda$246.000000008A7C6C60.accept(Unknown Source) ~[na:na]
	at java.base/java.util.ArrayList.forEach(ArrayList.java:1540) ~[na:na]
	at org.junit.platform.engine.support.hierarchical.SameThreadHierarchicalTestExecutorService.invokeAll(SameThreadHierarchicalTestExecutorService.java:38) ~[junit-platform-engine-1.6.2.jar:1.6.2]
	at org.junit.platform.engine.support.hierarchical.NodeTestTask.lambda$executeRecursively$5(NodeTestTask.java:139) ~[junit-platform-engine-1.6.2.jar:1.6.2]
	at org.junit.platform.engine.support.hierarchical.NodeTestTask$$Lambda$242.000000008A7C67F0.execute(Unknown Source) ~[na:na]
	at org.junit.platform.engine.support.hierarchical.ThrowableCollector.execute(ThrowableCollector.java:73) ~[junit-platform-engine-1.6.2.jar:1.6.2]
	at org.junit.platform.engine.support.hierarchical.NodeTestTask.lambda$executeRecursively$7(NodeTestTask.java:125) ~[junit-platform-engine-1.6.2.jar:1.6.2]
	at org.junit.platform.engine.support.hierarchical.NodeTestTask$$Lambda$241.00000000896E6C10.invoke(Unknown Source) ~[na:na]
	at org.junit.platform.engine.support.hierarchical.Node.around(Node.java:135) ~[junit-platform-engine-1.6.2.jar:1.6.2]
	at org.junit.platform.engine.support.hierarchical.NodeTestTask.lambda$executeRecursively$8(NodeTestTask.java:123) ~[junit-platform-engine-1.6.2.jar:1.6.2]
	at org.junit.platform.engine.support.hierarchical.NodeTestTask$$Lambda$240.000000008A7C6380.execute(Unknown Source) ~[na:na]
	at org.junit.platform.engine.support.hierarchical.ThrowableCollector.execute(ThrowableCollector.java:73) ~[junit-platform-engine-1.6.2.jar:1.6.2]
	at org.junit.platform.engine.support.hierarchical.NodeTestTask.executeRecursively(NodeTestTask.java:122) ~[junit-platform-engine-1.6.2.jar:1.6.2]
	at org.junit.platform.engine.support.hierarchical.NodeTestTask.execute(NodeTestTask.java:80) ~[junit-platform-engine-1.6.2.jar:1.6.2]
	at org.junit.platform.engine.support.hierarchical.SameThreadHierarchicalTestExecutorService$$Lambda$246.000000008A7C6C60.accept(Unknown Source) ~[na:na]
	at java.base/java.util.ArrayList.forEach(ArrayList.java:1540) ~[na:na]
	at org.junit.platform.engine.support.hierarchical.SameThreadHierarchicalTestExecutorService.invokeAll(SameThreadHierarchicalTestExecutorService.java:38) ~[junit-platform-engine-1.6.2.jar:1.6.2]
	at org.junit.platform.engine.support.hierarchical.NodeTestTask.lambda$executeRecursively$5(NodeTestTask.java:139) ~[junit-platform-engine-1.6.2.jar:1.6.2]
	at org.junit.platform.engine.support.hierarchical.NodeTestTask$$Lambda$242.000000008A7C67F0.execute(Unknown Source) ~[na:na]
	at org.junit.platform.engine.support.hierarchical.ThrowableCollector.execute(ThrowableCollector.java:73) ~[junit-platform-engine-1.6.2.jar:1.6.2]
	at org.junit.platform.engine.support.hierarchical.NodeTestTask.lambda$executeRecursively$7(NodeTestTask.java:125) ~[junit-platform-engine-1.6.2.jar:1.6.2]
	at org.junit.platform.engine.support.hierarchical.NodeTestTask$$Lambda$241.00000000896E6C10.invoke(Unknown Source) ~[na:na]
	at org.junit.platform.engine.support.hierarchical.Node.around(Node.java:135) ~[junit-platform-engine-1.6.2.jar:1.6.2]
	at org.junit.platform.engine.support.hierarchical.NodeTestTask.lambda$executeRecursively$8(NodeTestTask.java:123) ~[junit-platform-engine-1.6.2.jar:1.6.2]
	at org.junit.platform.engine.support.hierarchical.NodeTestTask$$Lambda$240.000000008A7C6380.execute(Unknown Source) ~[na:na]
	at org.junit.platform.engine.support.hierarchical.ThrowableCollector.execute(ThrowableCollector.java:73) ~[junit-platform-engine-1.6.2.jar:1.6.2]
	at org.junit.platform.engine.support.hierarchical.NodeTestTask.executeRecursively(NodeTestTask.java:122) ~[junit-platform-engine-1.6.2.jar:1.6.2]
	at org.junit.platform.engine.support.hierarchical.NodeTestTask.execute(NodeTestTask.java:80) ~[junit-platform-engine-1.6.2.jar:1.6.2]
	at org.junit.platform.engine.support.hierarchical.SameThreadHierarchicalTestExecutorService.submit(SameThreadHierarchicalTestExecutorService.java:32) ~[junit-platform-engine-1.6.2.jar:1.6.2]
	at org.junit.platform.engine.support.hierarchical.HierarchicalTestExecutor.execute(HierarchicalTestExecutor.java:57) ~[junit-platform-engine-1.6.2.jar:1.6.2]
	at org.junit.platform.engine.support.hierarchical.HierarchicalTestEngine.execute(HierarchicalTestEngine.java:51) ~[junit-platform-engine-1.6.2.jar:1.6.2]
	at org.junit.platform.launcher.core.DefaultLauncher.execute(DefaultLauncher.java:220) ~[junit-platform-launcher-1.3.1.jar:1.3.1]
	at org.junit.platform.launcher.core.DefaultLauncher.lambda$execute$6(DefaultLauncher.java:188) ~[junit-platform-launcher-1.3.1.jar:1.3.1]
	at org.junit.platform.launcher.core.DefaultLauncher$$Lambda$211.000000008A5D2280.accept(Unknown Source) ~[na:na]
	at org.junit.platform.launcher.core.DefaultLauncher.withInterceptedStreams(DefaultLauncher.java:202) ~[junit-platform-launcher-1.3.1.jar:1.3.1]
	at org.junit.platform.launcher.core.DefaultLauncher.execute(DefaultLauncher.java:181) ~[junit-platform-launcher-1.3.1.jar:1.3.1]
	at org.junit.platform.launcher.core.DefaultLauncher.execute(DefaultLauncher.java:128) ~[junit-platform-launcher-1.3.1.jar:1.3.1]
	at org.apache.maven.surefire.junitplatform.JUnitPlatformProvider.invokeAllTests(JUnitPlatformProvider.java:150) ~[surefire-junit-platform-2.22.2.jar:2.22.2]
	at org.apache.maven.surefire.junitplatform.JUnitPlatformProvider.invoke(JUnitPlatformProvider.java:124) ~[surefire-junit-platform-2.22.2.jar:2.22.2]
	at org.apache.maven.surefire.booter.ForkedBooter.invokeProviderInSameClassLoader(ForkedBooter.java:384) ~[surefire-booter-2.22.2.jar:2.22.2]
	at org.apache.maven.surefire.booter.ForkedBooter.runSuitesInProcess(ForkedBooter.java:345) ~[surefire-booter-2.22.2.jar:2.22.2]
	at org.apache.maven.surefire.booter.ForkedBooter.execute(ForkedBooter.java:126) ~[surefire-booter-2.22.2.jar:2.22.2]
	at org.apache.maven.surefire.booter.ForkedBooter.main(ForkedBooter.java:418) ~[surefire-booter-2.22.2.jar:2.22.2]
Caused by: org.springframework.beans.factory.UnsatisfiedDependencyException: Error creating bean with name 'feedConsumers': Unsatisfied dependency expressed through field 'springPluginManager'; nested exception is org.springframework.beans.factory.BeanCreationException: Error creating bean with name 'springPluginManager': Invocation of init method failed; nested exception is java.lang.NoClassDefFoundError: com._4point.aem.fluentforms.api.generate.GeneratePDFService
	at org.springframework.beans.factory.annotation.AutowiredAnnotationBeanPostProcessor$AutowiredFieldElement.inject(AutowiredAnnotationBeanPostProcessor.java:643) ~[spring-beans-5.2.5.RELEASE.jar:5.2.5.RELEASE]
	at org.springframework.beans.factory.annotation.InjectionMetadata.inject(InjectionMetadata.java:130) ~[spring-beans-5.2.5.RELEASE.jar:5.2.5.RELEASE]
	at org.springframework.beans.factory.annotation.AutowiredAnnotationBeanPostProcessor.postProcessProperties(AutowiredAnnotationBeanPostProcessor.java:399) ~[spring-beans-5.2.5.RELEASE.jar:5.2.5.RELEASE]
	at org.springframework.beans.factory.support.AbstractAutowireCapableBeanFactory.populateBean(AbstractAutowireCapableBeanFactory.java:1422) ~[spring-beans-5.2.5.RELEASE.jar:5.2.5.RELEASE]
	at org.springframework.beans.factory.support.AbstractAutowireCapableBeanFactory.doCreateBean(AbstractAutowireCapableBeanFactory.java:594) ~[spring-beans-5.2.5.RELEASE.jar:5.2.5.RELEASE]
	at org.springframework.beans.factory.support.AbstractAutowireCapableBeanFactory.createBean(AbstractAutowireCapableBeanFactory.java:517) ~[spring-beans-5.2.5.RELEASE.jar:5.2.5.RELEASE]
	at org.springframework.beans.factory.support.AbstractBeanFactory.lambda$doGetBean$0(AbstractBeanFactory.java:323) ~[spring-beans-5.2.5.RELEASE.jar:5.2.5.RELEASE]
	at org.springframework.beans.factory.support.AbstractBeanFactory$$Lambda$489.000000008AEA88F0.getObject(Unknown Source) ~[na:na]
	at org.springframework.beans.factory.support.DefaultSingletonBeanRegistry.getSingleton(DefaultSingletonBeanRegistry.java:222) ~[spring-beans-5.2.5.RELEASE.jar:5.2.5.RELEASE]
	at org.springframework.beans.factory.support.AbstractBeanFactory.doGetBean(AbstractBeanFactory.java:321) ~[spring-beans-5.2.5.RELEASE.jar:5.2.5.RELEASE]
	at org.springframework.beans.factory.support.AbstractBeanFactory.getBean(AbstractBeanFactory.java:202) ~[spring-beans-5.2.5.RELEASE.jar:5.2.5.RELEASE]
	at org.springframework.beans.factory.support.DefaultListableBeanFactory.preInstantiateSingletons(DefaultListableBeanFactory.java:882) ~[spring-beans-5.2.5.RELEASE.jar:5.2.5.RELEASE]
	at org.springframework.context.support.AbstractApplicationContext.finishBeanFactoryInitialization(AbstractApplicationContext.java:878) ~[spring-context-5.2.5.RELEASE.jar:5.2.5.RELEASE]
	at org.springframework.context.support.AbstractApplicationContext.refresh(AbstractApplicationContext.java:550) ~[spring-context-5.2.5.RELEASE.jar:5.2.5.RELEASE]
	at org.springframework.boot.SpringApplication.refresh(SpringApplication.java:747) ~[spring-boot-2.2.6.RELEASE.jar:2.2.6.RELEASE]
	at org.springframework.boot.SpringApplication.refreshContext(SpringApplication.java:397) ~[spring-boot-2.2.6.RELEASE.jar:2.2.6.RELEASE]
	at org.springframework.boot.SpringApplication.run(SpringApplication.java:315) ~[spring-boot-2.2.6.RELEASE.jar:2.2.6.RELEASE]
	at org.springframework.boot.test.context.SpringBootContextLoader.loadContext(SpringBootContextLoader.java:126) ~[spring-boot-test-2.2.6.RELEASE.jar:2.2.6.RELEASE]
	at org.springframework.test.context.cache.DefaultCacheAwareContextLoaderDelegate.loadContextInternal(DefaultCacheAwareContextLoaderDelegate.java:99) ~[spring-test-5.2.5.RELEASE.jar:5.2.5.RELEASE]
	at org.springframework.test.context.cache.DefaultCacheAwareContextLoaderDelegate.loadContext(DefaultCacheAwareContextLoaderDelegate.java:124) ~[spring-test-5.2.5.RELEASE.jar:5.2.5.RELEASE]
	... 81 common frames omitted
Caused by: org.springframework.beans.factory.BeanCreationException: Error creating bean with name 'springPluginManager': Invocation of init method failed; nested exception is java.lang.NoClassDefFoundError: com._4point.aem.fluentforms.api.generate.GeneratePDFService
	at org.springframework.beans.factory.annotation.InitDestroyAnnotationBeanPostProcessor.postProcessBeforeInitialization(InitDestroyAnnotationBeanPostProcessor.java:160) ~[spring-beans-5.2.5.RELEASE.jar:5.2.5.RELEASE]
	at org.springframework.beans.factory.support.AbstractAutowireCapableBeanFactory.applyBeanPostProcessorsBeforeInitialization(AbstractAutowireCapableBeanFactory.java:416) ~[spring-beans-5.2.5.RELEASE.jar:5.2.5.RELEASE]
	at org.springframework.beans.factory.support.AbstractAutowireCapableBeanFactory.initializeBean(AbstractAutowireCapableBeanFactory.java:1788) ~[spring-beans-5.2.5.RELEASE.jar:5.2.5.RELEASE]
	at org.springframework.beans.factory.support.AbstractAutowireCapableBeanFactory.doCreateBean(AbstractAutowireCapableBeanFactory.java:595) ~[spring-beans-5.2.5.RELEASE.jar:5.2.5.RELEASE]
	at org.springframework.beans.factory.support.AbstractAutowireCapableBeanFactory.createBean(AbstractAutowireCapableBeanFactory.java:517) ~[spring-beans-5.2.5.RELEASE.jar:5.2.5.RELEASE]
	at org.springframework.beans.factory.support.AbstractBeanFactory.lambda$doGetBean$0(AbstractBeanFactory.java:323) ~[spring-beans-5.2.5.RELEASE.jar:5.2.5.RELEASE]
	at org.springframework.beans.factory.support.AbstractBeanFactory$$Lambda$489.000000008AEA88F0.getObject(Unknown Source) ~[na:na]
	at org.springframework.beans.factory.support.DefaultSingletonBeanRegistry.getSingleton(DefaultSingletonBeanRegistry.java:222) ~[spring-beans-5.2.5.RELEASE.jar:5.2.5.RELEASE]
	at org.springframework.beans.factory.support.AbstractBeanFactory.doGetBean(AbstractBeanFactory.java:321) ~[spring-beans-5.2.5.RELEASE.jar:5.2.5.RELEASE]
	at org.springframework.beans.factory.support.AbstractBeanFactory.getBean(AbstractBeanFactory.java:202) ~[spring-beans-5.2.5.RELEASE.jar:5.2.5.RELEASE]
	at org.springframework.beans.factory.config.DependencyDescriptor.resolveCandidate(DependencyDescriptor.java:276) ~[spring-beans-5.2.5.RELEASE.jar:5.2.5.RELEASE]
	at org.springframework.beans.factory.support.DefaultListableBeanFactory.doResolveDependency(DefaultListableBeanFactory.java:1290) ~[spring-beans-5.2.5.RELEASE.jar:5.2.5.RELEASE]
	at org.springframework.beans.factory.support.DefaultListableBeanFactory.resolveDependency(DefaultListableBeanFactory.java:1210) ~[spring-beans-5.2.5.RELEASE.jar:5.2.5.RELEASE]
	at org.springframework.beans.factory.annotation.AutowiredAnnotationBeanPostProcessor$AutowiredFieldElement.inject(AutowiredAnnotationBeanPostProcessor.java:640) ~[spring-beans-5.2.5.RELEASE.jar:5.2.5.RELEASE]
	... 100 common frames omitted
Caused by: java.lang.NoClassDefFoundError: com._4point.aem.fluentforms.api.generate.GeneratePDFService
	at java.base/java.lang.J9VMInternals.prepareClassImpl(Native Method) ~[na:na]
	at java.base/java.lang.J9VMInternals.prepare(J9VMInternals.java:349) ~[na:na]
	at java.base/java.lang.Class.getDeclaredConstructor(Class.java:796) ~[na:na]
	at com._4point.aem.formsfeeder.pf4j.SpringExtensionFactory.createWithoutSpring(SpringExtensionFactory.java:74) ~[formsfeeder.pf4j-spring-0.0.1-SNAPSHOT.jar:0.0.1-SNAPSHOT]
	at com._4point.aem.formsfeeder.pf4j.SpringExtensionFactory.create(SpringExtensionFactory.java:50) ~[formsfeeder.pf4j-spring-0.0.1-SNAPSHOT.jar:0.0.1-SNAPSHOT]
	at com._4point.aem.formsfeeder.pf4j.ExtensionsInjector.registerExtension(ExtensionsInjector.java:80) ~[formsfeeder.pf4j-spring-0.0.1-SNAPSHOT.jar:0.0.1-SNAPSHOT]
	at com._4point.aem.formsfeeder.pf4j.ExtensionsInjector.injectExtensions(ExtensionsInjector.java:64) ~[formsfeeder.pf4j-spring-0.0.1-SNAPSHOT.jar:0.0.1-SNAPSHOT]
	at com._4point.aem.formsfeeder.pf4j.SpringPluginManager.init(SpringPluginManager.java:68) ~[formsfeeder.pf4j-spring-0.0.1-SNAPSHOT.jar:0.0.1-SNAPSHOT]
	at java.base/jdk.internal.reflect.NativeMethodAccessorImpl.invoke0(Native Method) ~[na:na]
	at java.base/jdk.internal.reflect.NativeMethodAccessorImpl.invoke(NativeMethodAccessorImpl.java:62) ~[na:na]
	at java.base/jdk.internal.reflect.DelegatingMethodAccessorImpl.invoke(DelegatingMethodAccessorImpl.java:43) ~[na:na]
	at java.base/java.lang.reflect.Method.invoke(Method.java:566) ~[na:na]
	at org.springframework.beans.factory.annotation.InitDestroyAnnotationBeanPostProcessor$LifecycleElement.invoke(InitDestroyAnnotationBeanPostProcessor.java:389) ~[spring-beans-5.2.5.RELEASE.jar:5.2.5.RELEASE]
	at org.springframework.beans.factory.annotation.InitDestroyAnnotationBeanPostProcessor$LifecycleMetadata.invokeInitMethods(InitDestroyAnnotationBeanPostProcessor.java:333) ~[spring-beans-5.2.5.RELEASE.jar:5.2.5.RELEASE]
	at org.springframework.beans.factory.annotation.InitDestroyAnnotationBeanPostProcessor.postProcessBeforeInitialization(InitDestroyAnnotationBeanPostProcessor.java:157) ~[spring-beans-5.2.5.RELEASE.jar:5.2.5.RELEASE]
	... 113 common frames omitted
Caused by: java.lang.ClassNotFoundException: com._4point.aem.fluentforms.api.generate.GeneratePDFService
	at java.base/java.net.URLClassLoader.findClass(URLClassLoader.java:605) ~[na:na]
	at java.base/java.lang.ClassLoader.loadClassHelper(ClassLoader.java:1154) ~[na:na]
	at java.base/java.lang.ClassLoader.loadClass(ClassLoader.java:1069) ~[na:na]
	at java.base/java.lang.ClassLoader.loadClass(ClassLoader.java:1052) ~[na:na]
	at org.pf4j.PluginClassLoader.loadClass(PluginClassLoader.java:131) ~[pf4j-3.3.1.jar:3.3.1]
	... 128 common frames omitted

]]></system-out>
  </testcase>
</testsuite>