<?xml version="1.0" encoding="UTF-8"?>
<testsuite xmlns:xsi="http://www.w3.org/2001/XMLSchema-instance" xsi:noNamespaceSchemaLocation="https://maven.apache.org/surefire/maven-surefire-plugin/xsd/surefire-test-report.xsd" name="com._4point.aem.formsfeeder.server.support.FfLoggerFactoryTest" time="0" tests="61" errors="0" skipped="0" failures="0">
  <properties>
    <property name="sun.desktop" value="windows"/>
    <property name="awt.toolkit" value="sun.awt.windows.WToolkit"/>
    <property name="jdk.extensions.version" value="11.0.3.2"/>
    <property name="file.encoding.pkg" value="sun.io"/>
    <property name="java.specification.version" value="11"/>
    <property name="sun.jnu.encoding" value="Cp1252"/>
    <property name="java.class.path" value="C:\Users\W269600\Desktop\Repositories\Java\FormsFeeder\formsfeeder.server\target\test-classes;C:\Users\W269600\Desktop\Repositories\Java\FormsFeeder\formsfeeder.server\target\classes;C:\Users\W269600\.m2\repository\org\springframework\boot\spring-boot-starter-jersey\2.2.6.RELEASE\spring-boot-starter-jersey-2.2.6.RELEASE.jar;C:\Users\W269600\.m2\repository\org\springframework\boot\spring-boot-starter-json\2.2.6.RELEASE\spring-boot-starter-json-2.2.6.RELEASE.jar;C:\Users\W269600\.m2\repository\com\fasterxml\jackson\datatype\jackson-datatype-jdk8\2.10.3\jackson-datatype-jdk8-2.10.3.jar;C:\Users\W269600\.m2\repository\com\fasterxml\jackson\datatype\jackson-datatype-jsr310\2.10.3\jackson-datatype-jsr310-2.10.3.jar;C:\Users\W269600\.m2\repository\com\fasterxml\jackson\module\jackson-module-parameter-names\2.10.3\jackson-module-parameter-names-2.10.3.jar;C:\Users\W269600\.m2\repository\org\springframework\boot\spring-boot-starter-tomcat\2.2.6.RELEASE\spring-boot-starter-tomcat-2.2.6.RELEASE.jar;C:\Users\W269600\.m2\repository\org\apache\tomcat\embed\tomcat-embed-core\9.0.33\tomcat-embed-core-9.0.33.jar;C:\Users\W269600\.m2\repository\org\apache\tomcat\embed\tomcat-embed-el\9.0.33\tomcat-embed-el-9.0.33.jar;C:\Users\W269600\.m2\repository\org\apache\tomcat\embed\tomcat-embed-websocket\9.0.33\tomcat-embed-websocket-9.0.33.jar;C:\Users\W269600\.m2\repository\org\springframework\boot\spring-boot-starter-validation\2.2.6.RELEASE\spring-boot-starter-validation-2.2.6.RELEASE.jar;C:\Users\W269600\.m2\repository\jakarta\validation\jakarta.validation-api\2.0.2\jakarta.validation-api-2.0.2.jar;C:\Users\W269600\.m2\repository\org\hibernate\validator\hibernate-validator\6.0.18.Final\hibernate-validator-6.0.18.Final.jar;C:\Users\W269600\.m2\repository\org\jboss\logging\jboss-logging\3.4.1.Final\jboss-logging-3.4.1.Final.jar;C:\Users\W269600\.m2\repository\com\fasterxml\classmate\1.5.1\classmate-1.5.1.jar;C:\Users\W269600\.m2\repository\jakarta\annotation\jakarta.annotation-api\1.3.5\jakarta.annotation-api-1.3.5.jar;C:\Users\W269600\.m2\repository\jakarta\ws\rs\jakarta.ws.rs-api\2.1.6\jakarta.ws.rs-api-2.1.6.jar;C:\Users\W269600\.m2\repository\org\springframework\spring-web\5.2.5.RELEASE\spring-web-5.2.5.RELEASE.jar;C:\Users\W269600\.m2\repository\org\springframework\spring-beans\5.2.5.RELEASE\spring-beans-5.2.5.RELEASE.jar;C:\Users\W269600\.m2\repository\org\glassfish\jersey\core\jersey-server\2.29.1\jersey-server-2.29.1.jar;C:\Users\W269600\.m2\repository\org\glassfish\jersey\core\jersey-client\2.29.1\jersey-client-2.29.1.jar;C:\Users\W269600\.m2\repository\org\glassfish\jersey\media\jersey-media-jaxb\2.29.1\jersey-media-jaxb-2.29.1.jar;C:\Users\W269600\.m2\repository\org\glassfish\hk2\external\jakarta.inject\2.6.1\jakarta.inject-2.6.1.jar;C:\Users\W269600\.m2\repository\org\glassfish\jersey\containers\jersey-container-servlet-core\2.29.1\jersey-container-servlet-core-2.29.1.jar;C:\Users\W269600\.m2\repository\org\glassfish\jersey\containers\jersey-container-servlet\2.29.1\jersey-container-servlet-2.29.1.jar;C:\Users\W269600\.m2\repository\org\glassfish\jersey\ext\jersey-bean-validation\2.29.1\jersey-bean-validation-2.29.1.jar;C:\Users\W269600\.m2\repository\org\glassfish\jersey\ext\jersey-spring5\2.29.1\jersey-spring5-2.29.1.jar;C:\Users\W269600\.m2\repository\org\glassfish\jersey\inject\jersey-hk2\2.29.1\jersey-hk2-2.29.1.jar;C:\Users\W269600\.m2\repository\org\glassfish\hk2\hk2-locator\2.6.1\hk2-locator-2.6.1.jar;C:\Users\W269600\.m2\repository\org\glassfish\hk2\external\aopalliance-repackaged\2.6.1\aopalliance-repackaged-2.6.1.jar;C:\Users\W269600\.m2\repository\org\javassist\javassist\3.22.0-CR2\javassist-3.22.0-CR2.jar;C:\Users\W269600\.m2\repository\org\glassfish\hk2\hk2\2.6.1\hk2-2.6.1.jar;C:\Users\W269600\.m2\repository\org\glassfish\hk2\hk2-utils\2.6.1\hk2-utils-2.6.1.jar;C:\Users\W269600\.m2\repository\org\glassfish\hk2\hk2-api\2.6.1\hk2-api-2.6.1.jar;C:\Users\W269600\.m2\repository\org\glassfish\hk2\hk2-core\2.6.1\hk2-core-2.6.1.jar;C:\Users\W269600\.m2\repository\org\glassfish\hk2\hk2-runlevel\2.6.1\hk2-runlevel-2.6.1.jar;C:\Users\W269600\.m2\repository\org\glassfish\hk2\class-model\2.6.1\class-model-2.6.1.jar;C:\Users\W269600\.m2\repository\org\ow2\asm\asm-analysis\7.1\asm-analysis-7.1.jar;C:\Users\W269600\.m2\repository\org\ow2\asm\asm-commons\7.1\asm-commons-7.1.jar;C:\Users\W269600\.m2\repository\org\ow2\asm\asm-tree\7.1\asm-tree-7.1.jar;C:\Users\W269600\.m2\repository\org\ow2\asm\asm-util\7.1\asm-util-7.1.jar;C:\Users\W269600\.m2\repository\org\glassfish\hk2\spring-bridge\2.6.1\spring-bridge-2.6.1.jar;C:\Users\W269600\.m2\repository\org\springframework\spring-aop\5.2.5.RELEASE\spring-aop-5.2.5.RELEASE.jar;C:\Users\W269600\.m2\repository\org\glassfish\jersey\media\jersey-media-json-jackson\2.29.1\jersey-media-json-jackson-2.29.1.jar;C:\Users\W269600\.m2\repository\org\glassfish\jersey\ext\jersey-entity-filtering\2.29.1\jersey-entity-filtering-2.29.1.jar;C:\Users\W269600\.m2\repository\com\fasterxml\jackson\module\jackson-module-jaxb-annotations\2.10.3\jackson-module-jaxb-annotations-2.10.3.jar;C:\Users\W269600\.m2\repository\jakarta\xml\bind\jakarta.xml.bind-api\2.3.3\jakarta.xml.bind-api-2.3.3.jar;C:\Users\W269600\.m2\repository\org\springframework\boot\spring-boot-starter-web\2.2.6.RELEASE\spring-boot-starter-web-2.2.6.RELEASE.jar;C:\Users\W269600\.m2\repository\org\springframework\boot\spring-boot-starter\2.2.6.RELEASE\spring-boot-starter-2.2.6.RELEASE.jar;C:\Users\W269600\.m2\repository\org\springframework\boot\spring-boot\2.2.6.RELEASE\spring-boot-2.2.6.RELEASE.jar;C:\Users\W269600\.m2\repository\org\springframework\boot\spring-boot-autoconfigure\2.2.6.RELEASE\spring-boot-autoconfigure-2.2.6.RELEASE.jar;C:\Users\W269600\.m2\repository\org\springframework\boot\spring-boot-starter-logging\2.2.6.RELEASE\spring-boot-starter-logging-2.2.6.RELEASE.jar;C:\Users\W269600\.m2\repository\ch\qos\logback\logback-classic\1.2.3\logback-classic-1.2.3.jar;C:\Users\W269600\.m2\repository\ch\qos\logback\logback-core\1.2.3\logback-core-1.2.3.jar;C:\Users\W269600\.m2\repository\org\apache\logging\log4j\log4j-to-slf4j\2.12.1\log4j-to-slf4j-2.12.1.jar;C:\Users\W269600\.m2\repository\org\apache\logging\log4j\log4j-api\2.12.1\log4j-api-2.12.1.jar;C:\Users\W269600\.m2\repository\org\slf4j\jul-to-slf4j\1.7.30\jul-to-slf4j-1.7.30.jar;C:\Users\W269600\.m2\repository\org\yaml\snakeyaml\1.25\snakeyaml-1.25.jar;C:\Users\W269600\.m2\repository\org\springframework\spring-webmvc\5.2.5.RELEASE\spring-webmvc-5.2.5.RELEASE.jar;C:\Users\W269600\.m2\repository\org\springframework\spring-context\5.2.5.RELEASE\spring-context-5.2.5.RELEASE.jar;C:\Users\W269600\.m2\repository\org\springframework\spring-expression\5.2.5.RELEASE\spring-expression-5.2.5.RELEASE.jar;C:\Users\W269600\.m2\repository\org\glassfish\jersey\media\jersey-media-multipart\2.29.1\jersey-media-multipart-2.29.1.jar;C:\Users\W269600\.m2\repository\org\glassfish\jersey\core\jersey-common\2.29.1\jersey-common-2.29.1.jar;C:\Users\W269600\.m2\repository\org\glassfish\hk2\osgi-resource-locator\1.0.3\osgi-resource-locator-1.0.3.jar;C:\Users\W269600\.m2\repository\com\sun\activation\jakarta.activation\1.2.2\jakarta.activation-1.2.2.jar;C:\Users\W269600\.m2\repository\org\jvnet\mimepull\mimepull\1.9.13\mimepull-1.9.13.jar;C:\Users\W269600\.m2\repository\org\springframework\boot\spring-boot-starter-test\2.2.6.RELEASE\spring-boot-starter-test-2.2.6.RELEASE.jar;C:\Users\W269600\.m2\repository\org\springframework\boot\spring-boot-test\2.2.6.RELEASE\spring-boot-test-2.2.6.RELEASE.jar;C:\Users\W269600\.m2\repository\org\springframework\boot\spring-boot-test-autoconfigure\2.2.6.RELEASE\spring-boot-test-autoconfigure-2.2.6.RELEASE.jar;C:\Users\W269600\.m2\repository\com\jayway\jsonpath\json-path\2.4.0\json-path-2.4.0.jar;C:\Users\W269600\.m2\repository\net\minidev\json-smart\2.3\json-smart-2.3.jar;C:\Users\W269600\.m2\repository\net\minidev\accessors-smart\1.2\accessors-smart-1.2.jar;C:\Users\W269600\.m2\repository\org\junit\jupiter\junit-jupiter\5.6.2\junit-jupiter-5.6.2.jar;C:\Users\W269600\.m2\repository\org\junit\jupiter\junit-jupiter-api\5.6.2\junit-jupiter-api-5.6.2.jar;C:\Users\W269600\.m2\repository\org\apiguardian\apiguardian-api\1.1.0\apiguardian-api-1.1.0.jar;C:\Users\W269600\.m2\repository\org\junit\platform\junit-platform-commons\1.6.2\junit-platform-commons-1.6.2.jar;C:\Users\W269600\.m2\repository\org\junit\jupiter\junit-jupiter-params\5.6.2\junit-jupiter-params-5.6.2.jar;C:\Users\W269600\.m2\repository\org\junit\jupiter\junit-jupiter-engine\5.6.2\junit-jupiter-engine-5.6.2.jar;C:\Users\W269600\.m2\repository\org\junit\platform\junit-platform-engine\1.6.2\junit-platform-engine-1.6.2.jar;C:\Users\W269600\.m2\repository\org\mockito\mockito-junit-jupiter\3.1.0\mockito-junit-jupiter-3.1.0.jar;C:\Users\W269600\.m2\repository\org\assertj\assertj-core\3.13.2\assertj-core-3.13.2.jar;C:\Users\W269600\.m2\repository\org\hamcrest\hamcrest\2.1\hamcrest-2.1.jar;C:\Users\W269600\.m2\repository\org\mockito\mockito-core\3.1.0\mockito-core-3.1.0.jar;C:\Users\W269600\.m2\repository\net\bytebuddy\byte-buddy\1.10.8\byte-buddy-1.10.8.jar;C:\Users\W269600\.m2\repository\net\bytebuddy\byte-buddy-agent\1.10.8\byte-buddy-agent-1.10.8.jar;C:\Users\W269600\.m2\repository\org\objenesis\objenesis\2.6\objenesis-2.6.jar;C:\Users\W269600\.m2\repository\org\skyscreamer\jsonassert\1.5.0\jsonassert-1.5.0.jar;C:\Users\W269600\.m2\repository\com\vaadin\external\google\android-json\0.0.20131108.vaadin1\android-json-0.0.20131108.vaadin1.jar;C:\Users\W269600\.m2\repository\org\springframework\spring-core\5.2.5.RELEASE\spring-core-5.2.5.RELEASE.jar;C:\Users\W269600\.m2\repository\org\springframework\spring-jcl\5.2.5.RELEASE\spring-jcl-5.2.5.RELEASE.jar;C:\Users\W269600\.m2\repository\org\springframework\spring-test\5.2.5.RELEASE\spring-test-5.2.5.RELEASE.jar;C:\Users\W269600\.m2\repository\org\xmlunit\xmlunit-core\2.6.4\xmlunit-core-2.6.4.jar;C:\Users\W269600\.m2\repository\junit-addons\junit-addons\1.4\junit-addons-1.4.jar;C:\Users\W269600\Desktop\Repositories\Java\FormsFeeder\formsfeeder.core\target\formsfeeder.core-0.0.1-SNAPSHOT.jar;C:\Users\W269600\Desktop\Repositories\Java\FormsFeeder\formsfeeder.pf4j-spring\target\formsfeeder.pf4j-spring-0.0.1-SNAPSHOT.jar;C:\Users\W269600\.m2\repository\org\pf4j\pf4j\3.3.1\pf4j-3.3.1.jar;C:\Users\W269600\.m2\repository\org\slf4j\slf4j-api\1.7.30\slf4j-api-1.7.30.jar;C:\Users\W269600\.m2\repository\com\github\zafarkhaja\java-semver\0.9.0\java-semver-0.9.0.jar;C:\Users\W269600\.m2\repository\javax\annotation\javax.annotation-api\1.3.2\javax.annotation-api-1.3.2.jar;C:\Users\W269600\.m2\repository\org\apache\pdfbox\pdfbox\2.0.19\pdfbox-2.0.19.jar;C:\Users\W269600\.m2\repository\org\apache\pdfbox\fontbox\2.0.19\fontbox-2.0.19.jar;C:\Users\W269600\.m2\repository\commons-logging\commons-logging\1.2\commons-logging-1.2.jar;C:\Users\W269600\.m2\repository\com\jcabi\jcabi-xml\0.22.1\jcabi-xml-0.22.1.jar;C:\Users\W269600\.m2\repository\com\jcabi\jcabi-log\0.18.1\jcabi-log-0.18.1.jar;C:\Users\W269600\.m2\repository\org\cactoos\cactoos\0.20\cactoos-0.20.jar;C:\Users\W269600\.m2\repository\com\github\tomakehurst\wiremock-jre8\2.26.3\wiremock-jre8-2.26.3.jar;C:\Users\W269600\.m2\repository\org\eclipse\jetty\jetty-server\9.4.27.v20200227\jetty-server-9.4.27.v20200227.jar;C:\Users\W269600\.m2\repository\javax\servlet\javax.servlet-api\4.0.1\javax.servlet-api-4.0.1.jar;C:\Users\W269600\.m2\repository\org\eclipse\jetty\jetty-http\9.4.27.v20200227\jetty-http-9.4.27.v20200227.jar;C:\Users\W269600\.m2\repository\org\eclipse\jetty\jetty-io\9.4.27.v20200227\jetty-io-9.4.27.v20200227.jar;C:\Users\W269600\.m2\repository\org\eclipse\jetty\jetty-servlet\9.4.27.v20200227\jetty-servlet-9.4.27.v20200227.jar;C:\Users\W269600\.m2\repository\org\eclipse\jetty\jetty-security\9.4.27.v20200227\jetty-security-9.4.27.v20200227.jar;C:\Users\W269600\.m2\repository\org\eclipse\jetty\jetty-servlets\9.4.27.v20200227\jetty-servlets-9.4.27.v20200227.jar;C:\Users\W269600\.m2\repository\org\eclipse\jetty\jetty-continuation\9.4.27.v20200227\jetty-continuation-9.4.27.v20200227.jar;C:\Users\W269600\.m2\repository\org\eclipse\jetty\jetty-util\9.4.27.v20200227\jetty-util-9.4.27.v20200227.jar;C:\Users\W269600\.m2\repository\org\eclipse\jetty\jetty-webapp\9.4.27.v20200227\jetty-webapp-9.4.27.v20200227.jar;C:\Users\W269600\.m2\repository\org\eclipse\jetty\jetty-xml\9.4.27.v20200227\jetty-xml-9.4.27.v20200227.jar;C:\Users\W269600\.m2\repository\com\google\guava\guava\27.0.1-jre\guava-27.0.1-jre.jar;C:\Users\W269600\.m2\repository\com\google\guava\failureaccess\1.0.1\failureaccess-1.0.1.jar;C:\Users\W269600\.m2\repository\com\google\guava\listenablefuture\9999.0-empty-to-avoid-conflict-with-guava\listenablefuture-9999.0-empty-to-avoid-conflict-with-guava.jar;C:\Users\W269600\.m2\repository\com\google\code\findbugs\jsr305\3.0.2\jsr305-3.0.2.jar;C:\Users\W269600\.m2\repository\org\checkerframework\checker-qual\2.5.2\checker-qual-2.5.2.jar;C:\Users\W269600\.m2\repository\com\google\errorprone\error_prone_annotations\2.2.0\error_prone_annotations-2.2.0.jar;C:\Users\W269600\.m2\repository\com\google\j2objc\j2objc-annotations\1.1\j2objc-annotations-1.1.jar;C:\Users\W269600\.m2\repository\org\codehaus\mojo\animal-sniffer-annotations\1.17\animal-sniffer-annotations-1.17.jar;C:\Users\W269600\.m2\repository\com\fasterxml\jackson\core\jackson-core\2.10.3\jackson-core-2.10.3.jar;C:\Users\W269600\.m2\repository\com\fasterxml\jackson\core\jackson-annotations\2.10.3\jackson-annotations-2.10.3.jar;C:\Users\W269600\.m2\repository\com\fasterxml\jackson\core\jackson-databind\2.10.3\jackson-databind-2.10.3.jar;C:\Users\W269600\.m2\repository\org\apache\httpcomponents\httpclient\4.5.12\httpclient-4.5.12.jar;C:\Users\W269600\.m2\repository\org\apache\httpcomponents\httpcore\4.4.13\httpcore-4.4.13.jar;C:\Users\W269600\.m2\repository\commons-codec\commons-codec\1.13\commons-codec-1.13.jar;C:\Users\W269600\.m2\repository\org\xmlunit\xmlunit-legacy\2.6.4\xmlunit-legacy-2.6.4.jar;C:\Users\W269600\.m2\repository\org\xmlunit\xmlunit-placeholders\2.6.4\xmlunit-placeholders-2.6.4.jar;C:\Users\W269600\.m2\repository\org\ow2\asm\asm\7.0\asm-7.0.jar;C:\Users\W269600\.m2\repository\net\sf\jopt-simple\jopt-simple\5.0.3\jopt-simple-5.0.3.jar;C:\Users\W269600\.m2\repository\org\apache\commons\commons-lang3\3.9\commons-lang3-3.9.jar;C:\Users\W269600\.m2\repository\com\github\jknack\handlebars\4.1.2\handlebars-4.1.2.jar;C:\Users\W269600\.m2\repository\com\github\jknack\handlebars-helpers\4.1.2\handlebars-helpers-4.1.2.jar;C:\Users\W269600\.m2\repository\com\flipkart\zjsonpatch\zjsonpatch\0.4.4\zjsonpatch-0.4.4.jar;C:\Users\W269600\.m2\repository\commons-fileupload\commons-fileupload\1.4\commons-fileupload-1.4.jar;C:\Users\W269600\.m2\repository\commons-io\commons-io\2.2\commons-io-2.2.jar;C:\Users\W269600\.m2\repository\org\eclipse\jetty\http2\http2-server\9.4.27.v20200227\http2-server-9.4.27.v20200227.jar;C:\Users\W269600\.m2\repository\org\eclipse\jetty\http2\http2-common\9.4.27.v20200227\http2-common-9.4.27.v20200227.jar;C:\Users\W269600\.m2\repository\org\eclipse\jetty\http2\http2-hpack\9.4.27.v20200227\http2-hpack-9.4.27.v20200227.jar;C:\Users\W269600\.m2\repository\org\eclipse\jetty\jetty-alpn-server\9.4.27.v20200227\jetty-alpn-server-9.4.27.v20200227.jar;C:\Users\W269600\.m2\repository\org\eclipse\jetty\jetty-alpn-conscrypt-server\9.4.27.v20200227\jetty-alpn-conscrypt-server-9.4.27.v20200227.jar;C:\Users\W269600\.m2\repository\org\conscrypt\conscrypt-openjdk-uber\2.1.0\conscrypt-openjdk-uber-2.1.0.jar;C:\Users\W269600\.m2\repository\org\eclipse\jetty\jetty-alpn-conscrypt-client\9.4.27.v20200227\jetty-alpn-conscrypt-client-9.4.27.v20200227.jar;C:\Users\W269600\.m2\repository\org\eclipse\jetty\jetty-alpn-client\9.4.27.v20200227\jetty-alpn-client-9.4.27.v20200227.jar;C:\Users\W269600\.m2\repository\net\javacrumbs\json-unit\json-unit-core\2.12.0\json-unit-core-2.12.0.jar;C:\Users\W269600\.m2\repository\org\opentest4j\opentest4j\1.1.1\opentest4j-1.1.1.jar;C:\Users\W269600\.m2\repository\org\hamcrest\hamcrest-core\2.1\hamcrest-core-2.1.jar;"/>
    <property name="java.vm.vendor" value="Eclipse OpenJ9"/>
    <property name="sun.arch.data.model" value="64"/>
    <property name="com.ibm.vm.bitmode" value="64"/>
    <property name="user.variant" value=""/>
    <property name="com.ibm.oti.vm.library.version" value="29"/>
    <property name="java.vendor.url" value="http://www.eclipse.org/openj9"/>
    <property name="user.timezone" value="America/Chicago"/>
    <property name="os.name" value="Windows 10"/>
    <property name="java.vm.specification.version" value="11"/>
    <property name="sun.java.launcher" value="SUN_STANDARD"/>
    <property name="user.country" value="US"/>
    <property name="sun.boot.library.path" value="C:\Program Files\AdoptOpenJDK_11\jdk-11.0.3.7-openj9\bin\compressedrefs;C:\Program Files\AdoptOpenJDK_11\jdk-11.0.3.7-openj9\bin"/>
    <property name="sun.java.command" value="C:\Users\W269600\AppData\Local\Temp\surefire3668982992070657402\surefirebooter11629502243309021239.jar C:\Users\W269600\AppData\Local\Temp\surefire3668982992070657402 2020-07-20T18-08-41_573-jvmRun1 surefire12663812135887648603tmp surefire_18779988420597411166tmp"/>
    <property name="surefire.test.class.path" value="C:\Users\W269600\Desktop\Repositories\Java\FormsFeeder\formsfeeder.server\target\test-classes;C:\Users\W269600\Desktop\Repositories\Java\FormsFeeder\formsfeeder.server\target\classes;C:\Users\W269600\.m2\repository\org\springframework\boot\spring-boot-starter-jersey\2.2.6.RELEASE\spring-boot-starter-jersey-2.2.6.RELEASE.jar;C:\Users\W269600\.m2\repository\org\springframework\boot\spring-boot-starter-json\2.2.6.RELEASE\spring-boot-starter-json-2.2.6.RELEASE.jar;C:\Users\W269600\.m2\repository\com\fasterxml\jackson\datatype\jackson-datatype-jdk8\2.10.3\jackson-datatype-jdk8-2.10.3.jar;C:\Users\W269600\.m2\repository\com\fasterxml\jackson\datatype\jackson-datatype-jsr310\2.10.3\jackson-datatype-jsr310-2.10.3.jar;C:\Users\W269600\.m2\repository\com\fasterxml\jackson\module\jackson-module-parameter-names\2.10.3\jackson-module-parameter-names-2.10.3.jar;C:\Users\W269600\.m2\repository\org\springframework\boot\spring-boot-starter-tomcat\2.2.6.RELEASE\spring-boot-starter-tomcat-2.2.6.RELEASE.jar;C:\Users\W269600\.m2\repository\org\apache\tomcat\embed\tomcat-embed-core\9.0.33\tomcat-embed-core-9.0.33.jar;C:\Users\W269600\.m2\repository\org\apache\tomcat\embed\tomcat-embed-el\9.0.33\tomcat-embed-el-9.0.33.jar;C:\Users\W269600\.m2\repository\org\apache\tomcat\embed\tomcat-embed-websocket\9.0.33\tomcat-embed-websocket-9.0.33.jar;C:\Users\W269600\.m2\repository\org\springframework\boot\spring-boot-starter-validation\2.2.6.RELEASE\spring-boot-starter-validation-2.2.6.RELEASE.jar;C:\Users\W269600\.m2\repository\jakarta\validation\jakarta.validation-api\2.0.2\jakarta.validation-api-2.0.2.jar;C:\Users\W269600\.m2\repository\org\hibernate\validator\hibernate-validator\6.0.18.Final\hibernate-validator-6.0.18.Final.jar;C:\Users\W269600\.m2\repository\org\jboss\logging\jboss-logging\3.4.1.Final\jboss-logging-3.4.1.Final.jar;C:\Users\W269600\.m2\repository\com\fasterxml\classmate\1.5.1\classmate-1.5.1.jar;C:\Users\W269600\.m2\repository\jakarta\annotation\jakarta.annotation-api\1.3.5\jakarta.annotation-api-1.3.5.jar;C:\Users\W269600\.m2\repository\jakarta\ws\rs\jakarta.ws.rs-api\2.1.6\jakarta.ws.rs-api-2.1.6.jar;C:\Users\W269600\.m2\repository\org\springframework\spring-web\5.2.5.RELEASE\spring-web-5.2.5.RELEASE.jar;C:\Users\W269600\.m2\repository\org\springframework\spring-beans\5.2.5.RELEASE\spring-beans-5.2.5.RELEASE.jar;C:\Users\W269600\.m2\repository\org\glassfish\jersey\core\jersey-server\2.29.1\jersey-server-2.29.1.jar;C:\Users\W269600\.m2\repository\org\glassfish\jersey\core\jersey-client\2.29.1\jersey-client-2.29.1.jar;C:\Users\W269600\.m2\repository\org\glassfish\jersey\media\jersey-media-jaxb\2.29.1\jersey-media-jaxb-2.29.1.jar;C:\Users\W269600\.m2\repository\org\glassfish\hk2\external\jakarta.inject\2.6.1\jakarta.inject-2.6.1.jar;C:\Users\W269600\.m2\repository\org\glassfish\jersey\containers\jersey-container-servlet-core\2.29.1\jersey-container-servlet-core-2.29.1.jar;C:\Users\W269600\.m2\repository\org\glassfish\jersey\containers\jersey-container-servlet\2.29.1\jersey-container-servlet-2.29.1.jar;C:\Users\W269600\.m2\repository\org\glassfish\jersey\ext\jersey-bean-validation\2.29.1\jersey-bean-validation-2.29.1.jar;C:\Users\W269600\.m2\repository\org\glassfish\jersey\ext\jersey-spring5\2.29.1\jersey-spring5-2.29.1.jar;C:\Users\W269600\.m2\repository\org\glassfish\jersey\inject\jersey-hk2\2.29.1\jersey-hk2-2.29.1.jar;C:\Users\W269600\.m2\repository\org\glassfish\hk2\hk2-locator\2.6.1\hk2-locator-2.6.1.jar;C:\Users\W269600\.m2\repository\org\glassfish\hk2\external\aopalliance-repackaged\2.6.1\aopalliance-repackaged-2.6.1.jar;C:\Users\W269600\.m2\repository\org\javassist\javassist\3.22.0-CR2\javassist-3.22.0-CR2.jar;C:\Users\W269600\.m2\repository\org\glassfish\hk2\hk2\2.6.1\hk2-2.6.1.jar;C:\Users\W269600\.m2\repository\org\glassfish\hk2\hk2-utils\2.6.1\hk2-utils-2.6.1.jar;C:\Users\W269600\.m2\repository\org\glassfish\hk2\hk2-api\2.6.1\hk2-api-2.6.1.jar;C:\Users\W269600\.m2\repository\org\glassfish\hk2\hk2-core\2.6.1\hk2-core-2.6.1.jar;C:\Users\W269600\.m2\repository\org\glassfish\hk2\hk2-runlevel\2.6.1\hk2-runlevel-2.6.1.jar;C:\Users\W269600\.m2\repository\org\glassfish\hk2\class-model\2.6.1\class-model-2.6.1.jar;C:\Users\W269600\.m2\repository\org\ow2\asm\asm-analysis\7.1\asm-analysis-7.1.jar;C:\Users\W269600\.m2\repository\org\ow2\asm\asm-commons\7.1\asm-commons-7.1.jar;C:\Users\W269600\.m2\repository\org\ow2\asm\asm-tree\7.1\asm-tree-7.1.jar;C:\Users\W269600\.m2\repository\org\ow2\asm\asm-util\7.1\asm-util-7.1.jar;C:\Users\W269600\.m2\repository\org\glassfish\hk2\spring-bridge\2.6.1\spring-bridge-2.6.1.jar;C:\Users\W269600\.m2\repository\org\springframework\spring-aop\5.2.5.RELEASE\spring-aop-5.2.5.RELEASE.jar;C:\Users\W269600\.m2\repository\org\glassfish\jersey\media\jersey-media-json-jackson\2.29.1\jersey-media-json-jackson-2.29.1.jar;C:\Users\W269600\.m2\repository\org\glassfish\jersey\ext\jersey-entity-filtering\2.29.1\jersey-entity-filtering-2.29.1.jar;C:\Users\W269600\.m2\repository\com\fasterxml\jackson\module\jackson-module-jaxb-annotations\2.10.3\jackson-module-jaxb-annotations-2.10.3.jar;C:\Users\W269600\.m2\repository\jakarta\xml\bind\jakarta.xml.bind-api\2.3.3\jakarta.xml.bind-api-2.3.3.jar;C:\Users\W269600\.m2\repository\org\springframework\boot\spring-boot-starter-web\2.2.6.RELEASE\spring-boot-starter-web-2.2.6.RELEASE.jar;C:\Users\W269600\.m2\repository\org\springframework\boot\spring-boot-starter\2.2.6.RELEASE\spring-boot-starter-2.2.6.RELEASE.jar;C:\Users\W269600\.m2\repository\org\springframework\boot\spring-boot\2.2.6.RELEASE\spring-boot-2.2.6.RELEASE.jar;C:\Users\W269600\.m2\repository\org\springframework\boot\spring-boot-autoconfigure\2.2.6.RELEASE\spring-boot-autoconfigure-2.2.6.RELEASE.jar;C:\Users\W269600\.m2\repository\org\springframework\boot\spring-boot-starter-logging\2.2.6.RELEASE\spring-boot-starter-logging-2.2.6.RELEASE.jar;C:\Users\W269600\.m2\repository\ch\qos\logback\logback-classic\1.2.3\logback-classic-1.2.3.jar;C:\Users\W269600\.m2\repository\ch\qos\logback\logback-core\1.2.3\logback-core-1.2.3.jar;C:\Users\W269600\.m2\repository\org\apache\logging\log4j\log4j-to-slf4j\2.12.1\log4j-to-slf4j-2.12.1.jar;C:\Users\W269600\.m2\repository\org\apache\logging\log4j\log4j-api\2.12.1\log4j-api-2.12.1.jar;C:\Users\W269600\.m2\repository\org\slf4j\jul-to-slf4j\1.7.30\jul-to-slf4j-1.7.30.jar;C:\Users\W269600\.m2\repository\org\yaml\snakeyaml\1.25\snakeyaml-1.25.jar;C:\Users\W269600\.m2\repository\org\springframework\spring-webmvc\5.2.5.RELEASE\spring-webmvc-5.2.5.RELEASE.jar;C:\Users\W269600\.m2\repository\org\springframework\spring-context\5.2.5.RELEASE\spring-context-5.2.5.RELEASE.jar;C:\Users\W269600\.m2\repository\org\springframework\spring-expression\5.2.5.RELEASE\spring-expression-5.2.5.RELEASE.jar;C:\Users\W269600\.m2\repository\org\glassfish\jersey\media\jersey-media-multipart\2.29.1\jersey-media-multipart-2.29.1.jar;C:\Users\W269600\.m2\repository\org\glassfish\jersey\core\jersey-common\2.29.1\jersey-common-2.29.1.jar;C:\Users\W269600\.m2\repository\org\glassfish\hk2\osgi-resource-locator\1.0.3\osgi-resource-locator-1.0.3.jar;C:\Users\W269600\.m2\repository\com\sun\activation\jakarta.activation\1.2.2\jakarta.activation-1.2.2.jar;C:\Users\W269600\.m2\repository\org\jvnet\mimepull\mimepull\1.9.13\mimepull-1.9.13.jar;C:\Users\W269600\.m2\repository\org\springframework\boot\spring-boot-starter-test\2.2.6.RELEASE\spring-boot-starter-test-2.2.6.RELEASE.jar;C:\Users\W269600\.m2\repository\org\springframework\boot\spring-boot-test\2.2.6.RELEASE\spring-boot-test-2.2.6.RELEASE.jar;C:\Users\W269600\.m2\repository\org\springframework\boot\spring-boot-test-autoconfigure\2.2.6.RELEASE\spring-boot-test-autoconfigure-2.2.6.RELEASE.jar;C:\Users\W269600\.m2\repository\com\jayway\jsonpath\json-path\2.4.0\json-path-2.4.0.jar;C:\Users\W269600\.m2\repository\net\minidev\json-smart\2.3\json-smart-2.3.jar;C:\Users\W269600\.m2\repository\net\minidev\accessors-smart\1.2\accessors-smart-1.2.jar;C:\Users\W269600\.m2\repository\org\junit\jupiter\junit-jupiter\5.6.2\junit-jupiter-5.6.2.jar;C:\Users\W269600\.m2\repository\org\junit\jupiter\junit-jupiter-api\5.6.2\junit-jupiter-api-5.6.2.jar;C:\Users\W269600\.m2\repository\org\apiguardian\apiguardian-api\1.1.0\apiguardian-api-1.1.0.jar;C:\Users\W269600\.m2\repository\org\junit\platform\junit-platform-commons\1.6.2\junit-platform-commons-1.6.2.jar;C:\Users\W269600\.m2\repository\org\junit\jupiter\junit-jupiter-params\5.6.2\junit-jupiter-params-5.6.2.jar;C:\Users\W269600\.m2\repository\org\junit\jupiter\junit-jupiter-engine\5.6.2\junit-jupiter-engine-5.6.2.jar;C:\Users\W269600\.m2\repository\org\junit\platform\junit-platform-engine\1.6.2\junit-platform-engine-1.6.2.jar;C:\Users\W269600\.m2\repository\org\mockito\mockito-junit-jupiter\3.1.0\mockito-junit-jupiter-3.1.0.jar;C:\Users\W269600\.m2\repository\org\assertj\assertj-core\3.13.2\assertj-core-3.13.2.jar;C:\Users\W269600\.m2\repository\org\hamcrest\hamcrest\2.1\hamcrest-2.1.jar;C:\Users\W269600\.m2\repository\org\mockito\mockito-core\3.1.0\mockito-core-3.1.0.jar;C:\Users\W269600\.m2\repository\net\bytebuddy\byte-buddy\1.10.8\byte-buddy-1.10.8.jar;C:\Users\W269600\.m2\repository\net\bytebuddy\byte-buddy-agent\1.10.8\byte-buddy-agent-1.10.8.jar;C:\Users\W269600\.m2\repository\org\objenesis\objenesis\2.6\objenesis-2.6.jar;C:\Users\W269600\.m2\repository\org\skyscreamer\jsonassert\1.5.0\jsonassert-1.5.0.jar;C:\Users\W269600\.m2\repository\com\vaadin\external\google\android-json\0.0.20131108.vaadin1\android-json-0.0.20131108.vaadin1.jar;C:\Users\W269600\.m2\repository\org\springframework\spring-core\5.2.5.RELEASE\spring-core-5.2.5.RELEASE.jar;C:\Users\W269600\.m2\repository\org\springframework\spring-jcl\5.2.5.RELEASE\spring-jcl-5.2.5.RELEASE.jar;C:\Users\W269600\.m2\repository\org\springframework\spring-test\5.2.5.RELEASE\spring-test-5.2.5.RELEASE.jar;C:\Users\W269600\.m2\repository\org\xmlunit\xmlunit-core\2.6.4\xmlunit-core-2.6.4.jar;C:\Users\W269600\.m2\repository\junit-addons\junit-addons\1.4\junit-addons-1.4.jar;C:\Users\W269600\Desktop\Repositories\Java\FormsFeeder\formsfeeder.core\target\formsfeeder.core-0.0.1-SNAPSHOT.jar;C:\Users\W269600\Desktop\Repositories\Java\FormsFeeder\formsfeeder.pf4j-spring\target\formsfeeder.pf4j-spring-0.0.1-SNAPSHOT.jar;C:\Users\W269600\.m2\repository\org\pf4j\pf4j\3.3.1\pf4j-3.3.1.jar;C:\Users\W269600\.m2\repository\org\slf4j\slf4j-api\1.7.30\slf4j-api-1.7.30.jar;C:\Users\W269600\.m2\repository\com\github\zafarkhaja\java-semver\0.9.0\java-semver-0.9.0.jar;C:\Users\W269600\.m2\repository\javax\annotation\javax.annotation-api\1.3.2\javax.annotation-api-1.3.2.jar;C:\Users\W269600\.m2\repository\org\apache\pdfbox\pdfbox\2.0.19\pdfbox-2.0.19.jar;C:\Users\W269600\.m2\repository\org\apache\pdfbox\fontbox\2.0.19\fontbox-2.0.19.jar;C:\Users\W269600\.m2\repository\commons-logging\commons-logging\1.2\commons-logging-1.2.jar;C:\Users\W269600\.m2\repository\com\jcabi\jcabi-xml\0.22.1\jcabi-xml-0.22.1.jar;C:\Users\W269600\.m2\repository\com\jcabi\jcabi-log\0.18.1\jcabi-log-0.18.1.jar;C:\Users\W269600\.m2\repository\org\cactoos\cactoos\0.20\cactoos-0.20.jar;C:\Users\W269600\.m2\repository\com\github\tomakehurst\wiremock-jre8\2.26.3\wiremock-jre8-2.26.3.jar;C:\Users\W269600\.m2\repository\org\eclipse\jetty\jetty-server\9.4.27.v20200227\jetty-server-9.4.27.v20200227.jar;C:\Users\W269600\.m2\repository\javax\servlet\javax.servlet-api\4.0.1\javax.servlet-api-4.0.1.jar;C:\Users\W269600\.m2\repository\org\eclipse\jetty\jetty-http\9.4.27.v20200227\jetty-http-9.4.27.v20200227.jar;C:\Users\W269600\.m2\repository\org\eclipse\jetty\jetty-io\9.4.27.v20200227\jetty-io-9.4.27.v20200227.jar;C:\Users\W269600\.m2\repository\org\eclipse\jetty\jetty-servlet\9.4.27.v20200227\jetty-servlet-9.4.27.v20200227.jar;C:\Users\W269600\.m2\repository\org\eclipse\jetty\jetty-security\9.4.27.v20200227\jetty-security-9.4.27.v20200227.jar;C:\Users\W269600\.m2\repository\org\eclipse\jetty\jetty-servlets\9.4.27.v20200227\jetty-servlets-9.4.27.v20200227.jar;C:\Users\W269600\.m2\repository\org\eclipse\jetty\jetty-continuation\9.4.27.v20200227\jetty-continuation-9.4.27.v20200227.jar;C:\Users\W269600\.m2\repository\org\eclipse\jetty\jetty-util\9.4.27.v20200227\jetty-util-9.4.27.v20200227.jar;C:\Users\W269600\.m2\repository\org\eclipse\jetty\jetty-webapp\9.4.27.v20200227\jetty-webapp-9.4.27.v20200227.jar;C:\Users\W269600\.m2\repository\org\eclipse\jetty\jetty-xml\9.4.27.v20200227\jetty-xml-9.4.27.v20200227.jar;C:\Users\W269600\.m2\repository\com\google\guava\guava\27.0.1-jre\guava-27.0.1-jre.jar;C:\Users\W269600\.m2\repository\com\google\guava\failureaccess\1.0.1\failureaccess-1.0.1.jar;C:\Users\W269600\.m2\repository\com\google\guava\listenablefuture\9999.0-empty-to-avoid-conflict-with-guava\listenablefuture-9999.0-empty-to-avoid-conflict-with-guava.jar;C:\Users\W269600\.m2\repository\com\google\code\findbugs\jsr305\3.0.2\jsr305-3.0.2.jar;C:\Users\W269600\.m2\repository\org\checkerframework\checker-qual\2.5.2\checker-qual-2.5.2.jar;C:\Users\W269600\.m2\repository\com\google\errorprone\error_prone_annotations\2.2.0\error_prone_annotations-2.2.0.jar;C:\Users\W269600\.m2\repository\com\google\j2objc\j2objc-annotations\1.1\j2objc-annotations-1.1.jar;C:\Users\W269600\.m2\repository\org\codehaus\mojo\animal-sniffer-annotations\1.17\animal-sniffer-annotations-1.17.jar;C:\Users\W269600\.m2\repository\com\fasterxml\jackson\core\jackson-core\2.10.3\jackson-core-2.10.3.jar;C:\Users\W269600\.m2\repository\com\fasterxml\jackson\core\jackson-annotations\2.10.3\jackson-annotations-2.10.3.jar;C:\Users\W269600\.m2\repository\com\fasterxml\jackson\core\jackson-databind\2.10.3\jackson-databind-2.10.3.jar;C:\Users\W269600\.m2\repository\org\apache\httpcomponents\httpclient\4.5.12\httpclient-4.5.12.jar;C:\Users\W269600\.m2\repository\org\apache\httpcomponents\httpcore\4.4.13\httpcore-4.4.13.jar;C:\Users\W269600\.m2\repository\commons-codec\commons-codec\1.13\commons-codec-1.13.jar;C:\Users\W269600\.m2\repository\org\xmlunit\xmlunit-legacy\2.6.4\xmlunit-legacy-2.6.4.jar;C:\Users\W269600\.m2\repository\org\xmlunit\xmlunit-placeholders\2.6.4\xmlunit-placeholders-2.6.4.jar;C:\Users\W269600\.m2\repository\org\ow2\asm\asm\7.0\asm-7.0.jar;C:\Users\W269600\.m2\repository\net\sf\jopt-simple\jopt-simple\5.0.3\jopt-simple-5.0.3.jar;C:\Users\W269600\.m2\repository\org\apache\commons\commons-lang3\3.9\commons-lang3-3.9.jar;C:\Users\W269600\.m2\repository\com\github\jknack\handlebars\4.1.2\handlebars-4.1.2.jar;C:\Users\W269600\.m2\repository\com\github\jknack\handlebars-helpers\4.1.2\handlebars-helpers-4.1.2.jar;C:\Users\W269600\.m2\repository\com\flipkart\zjsonpatch\zjsonpatch\0.4.4\zjsonpatch-0.4.4.jar;C:\Users\W269600\.m2\repository\commons-fileupload\commons-fileupload\1.4\commons-fileupload-1.4.jar;C:\Users\W269600\.m2\repository\commons-io\commons-io\2.2\commons-io-2.2.jar;C:\Users\W269600\.m2\repository\org\eclipse\jetty\http2\http2-server\9.4.27.v20200227\http2-server-9.4.27.v20200227.jar;C:\Users\W269600\.m2\repository\org\eclipse\jetty\http2\http2-common\9.4.27.v20200227\http2-common-9.4.27.v20200227.jar;C:\Users\W269600\.m2\repository\org\eclipse\jetty\http2\http2-hpack\9.4.27.v20200227\http2-hpack-9.4.27.v20200227.jar;C:\Users\W269600\.m2\repository\org\eclipse\jetty\jetty-alpn-server\9.4.27.v20200227\jetty-alpn-server-9.4.27.v20200227.jar;C:\Users\W269600\.m2\repository\org\eclipse\jetty\jetty-alpn-conscrypt-server\9.4.27.v20200227\jetty-alpn-conscrypt-server-9.4.27.v20200227.jar;C:\Users\W269600\.m2\repository\org\conscrypt\conscrypt-openjdk-uber\2.1.0\conscrypt-openjdk-uber-2.1.0.jar;C:\Users\W269600\.m2\repository\org\eclipse\jetty\jetty-alpn-conscrypt-client\9.4.27.v20200227\jetty-alpn-conscrypt-client-9.4.27.v20200227.jar;C:\Users\W269600\.m2\repository\org\eclipse\jetty\jetty-alpn-client\9.4.27.v20200227\jetty-alpn-client-9.4.27.v20200227.jar;C:\Users\W269600\.m2\repository\net\javacrumbs\json-unit\json-unit-core\2.12.0\json-unit-core-2.12.0.jar;C:\Users\W269600\.m2\repository\org\opentest4j\opentest4j\1.1.1\opentest4j-1.1.1.jar;C:\Users\W269600\.m2\repository\org\hamcrest\hamcrest-core\2.1\hamcrest-core-2.1.jar;"/>
    <property name="sun.cpu.endian" value="little"/>
    <property name="user.home" value="C:\Users\W269600"/>
    <property name="user.language" value="en"/>
    <property name="java.specification.vendor" value="Oracle Corporation"/>
    <property name="java.version.date" value="2019-04-16"/>
    <property name="java.home" value="C:\Program Files\AdoptOpenJDK_11\jdk-11.0.3.7-openj9"/>
    <property name="ibm.signalhandling.rs" value="false"/>
    <property name="file.separator" value="\"/>
    <property name="jdk.extensions.name" value="Extensions for OpenJDK for Eclipse OpenJ9"/>
    <property name="basedir" value="C:\Users\W269600\Desktop\Repositories\Java\FormsFeeder\formsfeeder.server"/>
    <property name="line.separator" value="&#10;"/>
    <property name="java.vm.specification.vendor" value="Oracle Corporation"/>
    <property name="java.specification.name" value="Java Platform API Specification"/>
    <property name="java.compiler" value="j9jit29"/>
    <property name="com.ibm.util.extralibs.properties" value=""/>
    <property name="java.awt.graphicsenv" value="sun.awt.Win32GraphicsEnvironment"/>
    <property name="com.ibm.oti.configuration" value="scar"/>
    <property name="java.awt.fonts" value=""/>
    <property name="surefire.real.class.path" value="C:\Users\W269600\AppData\Local\Temp\surefire3668982992070657402\surefirebooter11629502243309021239.jar"/>
    <property name="com.ibm.oti.shared.enabled" value="false"/>
    <property name="com.ibm.oti.vm.bootstrap.library.path" value="C:\Program Files\AdoptOpenJDK_11\jdk-11.0.3.7-openj9\bin\compressedrefs;C:\Program Files\AdoptOpenJDK_11\jdk-11.0.3.7-openj9\bin"/>
    <property name="com.ibm.cpu.endian" value="little"/>
    <property name="java.fullversion" value="11.0.3+7&#10;JRE 11 Windows 10 amd64-64-Bit Compressed References 20190531_235 (JIT enabled, AOT enabled)&#10;OpenJ9   - b8ab01656&#10;OMR      - b56045d2&#10;JCL      - dcdc97f9dc based on jdk-11.0.3+7"/>
    <property name="java.runtime.version" value="11.0.3+7"/>
    <property name="user.name" value="W269600"/>
    <property name="path.separator" value=";"/>
    <property name="os.version" value="10.0"/>
    <property name="java.runtime.name" value="OpenJDK Runtime Environment"/>
    <property name="ibm.signalhandling.sigint" value="true"/>
    <property name="file.encoding" value="Cp1252"/>
    <property name="java.vm.name" value="Eclipse OpenJ9 VM"/>
    <property name="java.vendor.version" value="AdoptOpenJDK"/>
    <property name="ibm.signalhandling.sigchain" value="true"/>
    <property name="localRepository" value="C:\Users\W269600\.m2\repository"/>
    <property name="java.io.tmpdir" value="C:\Users\W269600\AppData\Local\Temp\"/>
    <property name="idea.version" value="2018.1.6"/>
    <property name="java.version" value="11.0.3"/>
    <property name="com.ibm.system.agent.path" value="C:\Program Files\AdoptOpenJDK_11\jdk-11.0.3.7-openj9\bin"/>
    <property name="user.dir" value="C:\Users\W269600\Desktop\Repositories\Java\FormsFeeder\formsfeeder.server"/>
    <property name="os.arch" value="amd64"/>
    <property name="java.vm.specification.name" value="Java Virtual Machine Specification"/>
    <property name="java.awt.printerjob" value="sun.awt.windows.WPrinterJob"/>
    <property name="os.encoding" value="UTF8"/>
    <property name="java.library.path" value="C:\Program Files\AdoptOpenJDK_11\jdk-11.0.3.7-openj9\bin\compressedrefs;C:\Program Files\AdoptOpenJDK_11\jdk-11.0.3.7-openj9\bin;C:\windows\system32;C:\windows;C:\Program Files\Java\jdk1.8.0_161\bin;C:\Tools\Ruby\bin;C:\Python27\;C:\Python27\Scripts;C:\Tools\Python37\Scripts\;C:\Tools\Python37\;C:\Program Files (x86)\RSA SecurID Token Common;C:\Program Files\RSA SecurID Token Common;C:\windows\system32;C:\windows;C:\windows\System32\Wbem;C:\windows\System32\WindowsPowerShell\v1.0\;C:\windows\System32\OpenSSH\;C:\Program Files (x86)\PFG Common Files\Dependent DLLs\;C:\Program Files\PuTTY\;C:\Program Files (x86)\Microsoft SQL Server\Client SDK\ODBC\130\Tools\Binn\;C:\Program Files (x86)\Microsoft SQL Server\140\Tools\Binn\;C:\Program Files (x86)\Microsoft SQL Server\140\DTS\Binn\;C:\Program Files (x86)\Microsoft SQL Server\140\Tools\Binn\ManagementStudio\;C:\Program Files\TortoiseGit\bin;C:\Program Files\Fortify\Fortify_SCA_and_Apps_19.1.2\bin;C:\Program Files\nodejs\;C:\ProgramData\chocolatey\bin;C:\Program Files\Git\cmd;C:\Tools\curl-7.46.0-win64\bin;C:\Tools\apache-maven-3.5.2\bin;C:\Program Files (x86)\Plantronics\Spokes3G\;C:\Tools\Ruby\bin;C:\Users\W269600\AppData\Local\Microsoft\WindowsApps;C:\Users\W269600\AppData\Local\Programs\Microsoft VS Code\bin;C:\Users\W269600\AppData\Roaming\npm;C:\Tools\Python37\;C:\Tools\Python37\Scripts\;;."/>
    <property name="java.vendor" value="Eclipse OpenJ9"/>
    <property name="java.vm.info" value="JRE 11 Windows 10 amd64-64-Bit Compressed References 20190531_235 (JIT enabled, AOT enabled)&#10;OpenJ9   - b8ab01656&#10;OMR      - b56045d2&#10;JCL      - dcdc97f9dc based on jdk-11.0.3+7"/>
    <property name="java.vm.version" value="openj9-0.14.3"/>
    <property name="com.ibm.jcl.checkClassPath" value=""/>
    <property name="ibm.system.encoding" value="Cp1252"/>
    <property name="sun.io.unicode.encoding" value="UnicodeLittle"/>
    <property name="java.class.version" value="55.0"/>
  </properties>
  <testcase name="testgetName" classname="com._4point.aem.formsfeeder.server.support.FfLoggerFactoryTest" time="0"/>
  <testcase name="testIsWarnEnabled" classname="com._4point.aem.formsfeeder.server.support.FfLoggerFactoryTest" time="0"/>
  <testcase name="testIsDebugEnabledMarker" classname="com._4point.aem.formsfeeder.server.support.FfLoggerFactoryTest" time="0"/>
  <testcase name="testIsTraceEnabledMarker" classname="com._4point.aem.formsfeeder.server.support.FfLoggerFactoryTest" time="0"/>
  <testcase name="testIsInfoEnabledMarker" classname="com._4point.aem.formsfeeder.server.support.FfLoggerFactoryTest" time="0"/>
  <testcase name="testIsErrorEnabledMarker" classname="com._4point.aem.formsfeeder.server.support.FfLoggerFactoryTest" time="0"/>
  <testcase name="testIsErrorEnabled" classname="com._4point.aem.formsfeeder.server.support.FfLoggerFactoryTest" time="0"/>
  <testcase name="testIsTraceEnabled" classname="com._4point.aem.formsfeeder.server.support.FfLoggerFactoryTest" time="0"/>
  <testcase name="testIsInfoEnabled" classname="com._4point.aem.formsfeeder.server.support.FfLoggerFactoryTest" time="0"/>
  <testcase name="testIsDebugEnabled" classname="com._4point.aem.formsfeeder.server.support.FfLoggerFactoryTest" time="0"/>
  <testcase name="testIsWarnEnabledMarker" classname="com._4point.aem.formsfeeder.server.support.FfLoggerFactoryTest" time="0"/>
  <testcase name="testErrorMarkerString" classname="com._4point.aem.formsfeeder.server.support.FfLoggerFactoryTest$ErrorTests" time="0"/>
  <testcase name="testErrorString" classname="com._4point.aem.formsfeeder.server.support.FfLoggerFactoryTest$ErrorTests" time="0"/>
  <testcase name="testErrorMarkerStringObjectArray" classname="com._4point.aem.formsfeeder.server.support.FfLoggerFactoryTest$ErrorTests" time="0"/>
  <testcase name="testErrorMarkerStringObject" classname="com._4point.aem.formsfeeder.server.support.FfLoggerFactoryTest$ErrorTests" time="0"/>
  <testcase name="testErrorStringThrowable" classname="com._4point.aem.formsfeeder.server.support.FfLoggerFactoryTest$ErrorTests" time="0"/>
  <testcase name="testErrorStringObject" classname="com._4point.aem.formsfeeder.server.support.FfLoggerFactoryTest$ErrorTests" time="0"/>
  <testcase name="testErrorStringObjectObject" classname="com._4point.aem.formsfeeder.server.support.FfLoggerFactoryTest$ErrorTests" time="0"/>
  <testcase name="testErrorStringObjectArray" classname="com._4point.aem.formsfeeder.server.support.FfLoggerFactoryTest$ErrorTests" time="0"/>
  <testcase name="testErrorMarkerStringThrowable" classname="com._4point.aem.formsfeeder.server.support.FfLoggerFactoryTest$ErrorTests" time="0"/>
  <testcase name="testErrorMarkerStringObjectObject" classname="com._4point.aem.formsfeeder.server.support.FfLoggerFactoryTest$ErrorTests" time="0"/>
  <testcase name="testWarnMarkerStringObjectObject" classname="com._4point.aem.formsfeeder.server.support.FfLoggerFactoryTest$WarnTests" time="0"/>
  <testcase name="testWarnStringObject" classname="com._4point.aem.formsfeeder.server.support.FfLoggerFactoryTest$WarnTests" time="0"/>
  <testcase name="testWarnStringThrowable" classname="com._4point.aem.formsfeeder.server.support.FfLoggerFactoryTest$WarnTests" time="0"/>
  <testcase name="testWarnMarkerStringObjectArray" classname="com._4point.aem.formsfeeder.server.support.FfLoggerFactoryTest$WarnTests" time="0"/>
  <testcase name="testWarnMarkerStringObject" classname="com._4point.aem.formsfeeder.server.support.FfLoggerFactoryTest$WarnTests" time="0"/>
  <testcase name="testWarnString" classname="com._4point.aem.formsfeeder.server.support.FfLoggerFactoryTest$WarnTests" time="0"/>
  <testcase name="testWarnStringObjectObject" classname="com._4point.aem.formsfeeder.server.support.FfLoggerFactoryTest$WarnTests" time="0"/>
  <testcase name="testWarnMarkerString" classname="com._4point.aem.formsfeeder.server.support.FfLoggerFactoryTest$WarnTests" time="0"/>
  <testcase name="testWarnStringObjectArray" classname="com._4point.aem.formsfeeder.server.support.FfLoggerFactoryTest$WarnTests" time="0"/>
  <testcase name="testWarnMarkerStringThrowable" classname="com._4point.aem.formsfeeder.server.support.FfLoggerFactoryTest$WarnTests" time="0"/>
  <testcase name="testInfoMarkerStringObjectArray" classname="com._4point.aem.formsfeeder.server.support.FfLoggerFactoryTest$InfoTests" time="0"/>
  <testcase name="testInfoStringObjectArray" classname="com._4point.aem.formsfeeder.server.support.FfLoggerFactoryTest$InfoTests" time="0"/>
  <testcase name="testInfoString" classname="com._4point.aem.formsfeeder.server.support.FfLoggerFactoryTest$InfoTests" time="0"/>
  <testcase name="testInfoStringThrowable" classname="com._4point.aem.formsfeeder.server.support.FfLoggerFactoryTest$InfoTests" time="0"/>
  <testcase name="testInfoMarkerStringObjectObject" classname="com._4point.aem.formsfeeder.server.support.FfLoggerFactoryTest$InfoTests" time="0"/>
  <testcase name="testInfoMarkerString" classname="com._4point.aem.formsfeeder.server.support.FfLoggerFactoryTest$InfoTests" time="0"/>
  <testcase name="testInfoMarkerStringThrowable" classname="com._4point.aem.formsfeeder.server.support.FfLoggerFactoryTest$InfoTests" time="0"/>
  <testcase name="testInfoMarkerStringObject" classname="com._4point.aem.formsfeeder.server.support.FfLoggerFactoryTest$InfoTests" time="0"/>
  <testcase name="testInfoStringObject" classname="com._4point.aem.formsfeeder.server.support.FfLoggerFactoryTest$InfoTests" time="0"/>
  <testcase name="testInfoStringObjectObject" classname="com._4point.aem.formsfeeder.server.support.FfLoggerFactoryTest$InfoTests" time="0"/>
  <testcase name="testDebugMarkerStringObject" classname="com._4point.aem.formsfeeder.server.support.FfLoggerFactoryTest$DebugTests" time="0"/>
  <testcase name="testDebugStringObject" classname="com._4point.aem.formsfeeder.server.support.FfLoggerFactoryTest$DebugTests" time="0"/>
  <testcase name="testDebugMarkerStringThrowable" classname="com._4point.aem.formsfeeder.server.support.FfLoggerFactoryTest$DebugTests" time="0"/>
  <testcase name="testDebugMarkerStringObjectObject" classname="com._4point.aem.formsfeeder.server.support.FfLoggerFactoryTest$DebugTests" time="0"/>
  <testcase name="testDebugStringObjectObject" classname="com._4point.aem.formsfeeder.server.support.FfLoggerFactoryTest$DebugTests" time="0"/>
  <testcase name="testDebugStringObjectArray" classname="com._4point.aem.formsfeeder.server.support.FfLoggerFactoryTest$DebugTests" time="0"/>
  <testcase name="testDebugMarkerStringObjectArray" classname="com._4point.aem.formsfeeder.server.support.FfLoggerFactoryTest$DebugTests" time="0"/>
  <testcase name="testDebugMarkerString" classname="com._4point.aem.formsfeeder.server.support.FfLoggerFactoryTest$DebugTests" time="0"/>
  <testcase name="testDebugStringThrowable" classname="com._4point.aem.formsfeeder.server.support.FfLoggerFactoryTest$DebugTests" time="0"/>
  <testcase name="testDebugString" classname="com._4point.aem.formsfeeder.server.support.FfLoggerFactoryTest$DebugTests" time="0"/>
  <testcase name="testTraceMarkerString" classname="com._4point.aem.formsfeeder.server.support.FfLoggerFactoryTest$TraceTests" time="0"/>
  <testcase name="testTraceMarkerStringObjectArray" classname="com._4point.aem.formsfeeder.server.support.FfLoggerFactoryTest$TraceTests" time="0"/>
  <testcase name="testTraceString" classname="com._4point.aem.formsfeeder.server.support.FfLoggerFactoryTest$TraceTests" time="0"/>
  <testcase name="testTraceStringObject" classname="com._4point.aem.formsfeeder.server.support.FfLoggerFactoryTest$TraceTests" time="0"/>
  <testcase name="testTraceMarkerStringObject" classname="com._4point.aem.formsfeeder.server.support.FfLoggerFactoryTest$TraceTests" time="0"/>
  <testcase name="testTraceStringObjectArray" classname="com._4point.aem.formsfeeder.server.support.FfLoggerFactoryTest$TraceTests" time="0"/>
  <testcase name="testTraceStringThrowable" classname="com._4point.aem.formsfeeder.server.support.FfLoggerFactoryTest$TraceTests" time="0"/>
  <testcase name="testTraceMarkerStringObjectObject" classname="com._4point.aem.formsfeeder.server.support.FfLoggerFactoryTest$TraceTests" time="0"/>
  <testcase name="testTraceStringObjectObject" classname="com._4point.aem.formsfeeder.server.support.FfLoggerFactoryTest$TraceTests" time="0"/>
  <testcase name="testTraceMarkerStringThrowable" classname="com._4point.aem.formsfeeder.server.support.FfLoggerFactoryTest$TraceTests" time="0"/>
</testsuite>