<?xml version="1.0" encoding="UTF-8"?>
<testsuite xmlns:xsi="http://www.w3.org/2001/XMLSchema-instance" xsi:noNamespaceSchemaLocation="https://maven.apache.org/surefire/maven-surefire-plugin/xsd/surefire-test-report.xsd" name="com._4point.aem.formsfeeder.core.datasource.AbstractDataSourceTest" time="0.078" tests="6" errors="0" skipped="0" failures="0">
  <properties>
    <property name="sun.desktop" value="windows"/>
    <property name="awt.toolkit" value="sun.awt.windows.WToolkit"/>
    <property name="jdk.extensions.version" value="11.0.3.2"/>
    <property name="file.encoding.pkg" value="sun.io"/>
    <property name="java.specification.version" value="11"/>
    <property name="sun.jnu.encoding" value="Cp1252"/>
    <property name="java.class.path" value="C:\Users\W269600\Desktop\Repositories\Java\FormsFeeder\formsfeeder.core\target\test-classes;C:\Users\W269600\Desktop\Repositories\Java\FormsFeeder\formsfeeder.core\target\classes;C:\Users\W269600\.m2\repository\org\junit\jupiter\junit-jupiter\5.6.2\junit-jupiter-5.6.2.jar;C:\Users\W269600\.m2\repository\org\junit\jupiter\junit-jupiter-api\5.6.2\junit-jupiter-api-5.6.2.jar;C:\Users\W269600\.m2\repository\org\apiguardian\apiguardian-api\1.1.0\apiguardian-api-1.1.0.jar;C:\Users\W269600\.m2\repository\org\opentest4j\opentest4j\1.2.0\opentest4j-1.2.0.jar;C:\Users\W269600\.m2\repository\org\junit\platform\junit-platform-commons\1.6.2\junit-platform-commons-1.6.2.jar;C:\Users\W269600\.m2\repository\org\junit\jupiter\junit-jupiter-params\5.6.2\junit-jupiter-params-5.6.2.jar;C:\Users\W269600\.m2\repository\org\junit\jupiter\junit-jupiter-engine\5.6.2\junit-jupiter-engine-5.6.2.jar;C:\Users\W269600\.m2\repository\org\junit\platform\junit-platform-engine\1.6.2\junit-platform-engine-1.6.2.jar;C:\Users\W269600\.m2\repository\org\mockito\mockito-core\3.3.3\mockito-core-3.3.3.jar;C:\Users\W269600\.m2\repository\net\bytebuddy\byte-buddy\1.10.5\byte-buddy-1.10.5.jar;C:\Users\W269600\.m2\repository\net\bytebuddy\byte-buddy-agent\1.10.5\byte-buddy-agent-1.10.5.jar;C:\Users\W269600\.m2\repository\org\objenesis\objenesis\2.6\objenesis-2.6.jar;C:\Users\W269600\.m2\repository\junit-addons\junit-addons\1.4\junit-addons-1.4.jar;C:\Users\W269600\.m2\repository\com\google\jimfs\jimfs\1.1\jimfs-1.1.jar;C:\Users\W269600\.m2\repository\com\google\guava\guava\18.0\guava-18.0.jar;"/>
    <property name="java.vm.vendor" value="Eclipse OpenJ9"/>
    <property name="sun.arch.data.model" value="64"/>
    <property name="com.ibm.vm.bitmode" value="64"/>
    <property name="user.variant" value=""/>
    <property name="com.ibm.oti.vm.library.version" value="29"/>
    <property name="java.vendor.url" value="http://www.eclipse.org/openj9"/>
    <property name="user.timezone" value="America/Chicago"/>
    <property name="os.name" value="Windows 10"/>
    <property name="java.vm.specification.version" value="11"/>
    <property name="sun.java.launcher" value="SUN_STANDARD"/>
    <property name="user.country" value="US"/>
    <property name="sun.boot.library.path" value="C:\Program Files\AdoptOpenJDK_11\jdk-11.0.3.7-openj9\bin\compressedrefs;C:\Program Files\AdoptOpenJDK_11\jdk-11.0.3.7-openj9\bin"/>
    <property name="sun.java.command" value="C:\Users\W269600\AppData\Local\Temp\surefire10674467827207487624\surefirebooter3843514416442084023.jar C:\Users\W269600\AppData\Local\Temp\surefire10674467827207487624 2020-07-20T18-08-41_573-jvmRun1 surefire9194432228762743652tmp surefire_04257585766262239632tmp"/>
    <property name="surefire.test.class.path" value="C:\Users\W269600\Desktop\Repositories\Java\FormsFeeder\formsfeeder.core\target\test-classes;C:\Users\W269600\Desktop\Repositories\Java\FormsFeeder\formsfeeder.core\target\classes;C:\Users\W269600\.m2\repository\org\junit\jupiter\junit-jupiter\5.6.2\junit-jupiter-5.6.2.jar;C:\Users\W269600\.m2\repository\org\junit\jupiter\junit-jupiter-api\5.6.2\junit-jupiter-api-5.6.2.jar;C:\Users\W269600\.m2\repository\org\apiguardian\apiguardian-api\1.1.0\apiguardian-api-1.1.0.jar;C:\Users\W269600\.m2\repository\org\opentest4j\opentest4j\1.2.0\opentest4j-1.2.0.jar;C:\Users\W269600\.m2\repository\org\junit\platform\junit-platform-commons\1.6.2\junit-platform-commons-1.6.2.jar;C:\Users\W269600\.m2\repository\org\junit\jupiter\junit-jupiter-params\5.6.2\junit-jupiter-params-5.6.2.jar;C:\Users\W269600\.m2\repository\org\junit\jupiter\junit-jupiter-engine\5.6.2\junit-jupiter-engine-5.6.2.jar;C:\Users\W269600\.m2\repository\org\junit\platform\junit-platform-engine\1.6.2\junit-platform-engine-1.6.2.jar;C:\Users\W269600\.m2\repository\org\mockito\mockito-core\3.3.3\mockito-core-3.3.3.jar;C:\Users\W269600\.m2\repository\net\bytebuddy\byte-buddy\1.10.5\byte-buddy-1.10.5.jar;C:\Users\W269600\.m2\repository\net\bytebuddy\byte-buddy-agent\1.10.5\byte-buddy-agent-1.10.5.jar;C:\Users\W269600\.m2\repository\org\objenesis\objenesis\2.6\objenesis-2.6.jar;C:\Users\W269600\.m2\repository\junit-addons\junit-addons\1.4\junit-addons-1.4.jar;C:\Users\W269600\.m2\repository\com\google\jimfs\jimfs\1.1\jimfs-1.1.jar;C:\Users\W269600\.m2\repository\com\google\guava\guava\18.0\guava-18.0.jar;"/>
    <property name="sun.cpu.endian" value="little"/>
    <property name="user.home" value="C:\Users\W269600"/>
    <property name="user.language" value="en"/>
    <property name="java.specification.vendor" value="Oracle Corporation"/>
    <property name="java.version.date" value="2019-04-16"/>
    <property name="java.home" value="C:\Program Files\AdoptOpenJDK_11\jdk-11.0.3.7-openj9"/>
    <property name="ibm.signalhandling.rs" value="false"/>
    <property name="file.separator" value="\"/>
    <property name="jdk.extensions.name" value="Extensions for OpenJDK for Eclipse OpenJ9"/>
    <property name="basedir" value="C:\Users\W269600\Desktop\Repositories\Java\FormsFeeder\formsfeeder.core"/>
    <property name="line.separator" value="&#10;"/>
    <property name="java.vm.specification.vendor" value="Oracle Corporation"/>
    <property name="java.specification.name" value="Java Platform API Specification"/>
    <property name="java.compiler" value="j9jit29"/>
    <property name="com.ibm.util.extralibs.properties" value=""/>
    <property name="java.awt.graphicsenv" value="sun.awt.Win32GraphicsEnvironment"/>
    <property name="com.ibm.oti.configuration" value="scar"/>
    <property name="java.awt.fonts" value=""/>
    <property name="surefire.real.class.path" value="C:\Users\W269600\AppData\Local\Temp\surefire10674467827207487624\surefirebooter3843514416442084023.jar"/>
    <property name="com.ibm.oti.shared.enabled" value="false"/>
    <property name="com.ibm.oti.vm.bootstrap.library.path" value="C:\Program Files\AdoptOpenJDK_11\jdk-11.0.3.7-openj9\bin\compressedrefs;C:\Program Files\AdoptOpenJDK_11\jdk-11.0.3.7-openj9\bin"/>
    <property name="com.ibm.cpu.endian" value="little"/>
    <property name="java.fullversion" value="11.0.3+7&#10;JRE 11 Windows 10 amd64-64-Bit Compressed References 20190531_235 (JIT enabled, AOT enabled)&#10;OpenJ9   - b8ab01656&#10;OMR      - b56045d2&#10;JCL      - dcdc97f9dc based on jdk-11.0.3+7"/>
    <property name="java.runtime.version" value="11.0.3+7"/>
    <property name="user.name" value="W269600"/>
    <property name="path.separator" value=";"/>
    <property name="os.version" value="10.0"/>
    <property name="java.runtime.name" value="OpenJDK Runtime Environment"/>
    <property name="ibm.signalhandling.sigint" value="true"/>
    <property name="file.encoding" value="Cp1252"/>
    <property name="java.vm.name" value="Eclipse OpenJ9 VM"/>
    <property name="java.vendor.version" value="AdoptOpenJDK"/>
    <property name="ibm.signalhandling.sigchain" value="true"/>
    <property name="localRepository" value="C:\Users\W269600\.m2\repository"/>
    <property name="java.io.tmpdir" value="C:\Users\W269600\AppData\Local\Temp\"/>
    <property name="idea.version" value="2018.1.6"/>
    <property name="java.version" value="11.0.3"/>
    <property name="com.ibm.system.agent.path" value="C:\Program Files\AdoptOpenJDK_11\jdk-11.0.3.7-openj9\bin"/>
    <property name="user.dir" value="C:\Users\W269600\Desktop\Repositories\Java\FormsFeeder\formsfeeder.core"/>
    <property name="os.arch" value="amd64"/>
    <property name="java.vm.specification.name" value="Java Virtual Machine Specification"/>
    <property name="java.awt.printerjob" value="sun.awt.windows.WPrinterJob"/>
    <property name="os.encoding" value="UTF8"/>
    <property name="java.library.path" value="C:\Program Files\AdoptOpenJDK_11\jdk-11.0.3.7-openj9\bin\compressedrefs;C:\Program Files\AdoptOpenJDK_11\jdk-11.0.3.7-openj9\bin;C:\windows\system32;C:\windows;C:\Program Files\Java\jdk1.8.0_161\bin;C:\Tools\Ruby\bin;C:\Python27\;C:\Python27\Scripts;C:\Tools\Python37\Scripts\;C:\Tools\Python37\;C:\Program Files (x86)\RSA SecurID Token Common;C:\Program Files\RSA SecurID Token Common;C:\windows\system32;C:\windows;C:\windows\System32\Wbem;C:\windows\System32\WindowsPowerShell\v1.0\;C:\windows\System32\OpenSSH\;C:\Program Files (x86)\PFG Common Files\Dependent DLLs\;C:\Program Files\PuTTY\;C:\Program Files (x86)\Microsoft SQL Server\Client SDK\ODBC\130\Tools\Binn\;C:\Program Files (x86)\Microsoft SQL Server\140\Tools\Binn\;C:\Program Files (x86)\Microsoft SQL Server\140\DTS\Binn\;C:\Program Files (x86)\Microsoft SQL Server\140\Tools\Binn\ManagementStudio\;C:\Program Files\TortoiseGit\bin;C:\Program Files\Fortify\Fortify_SCA_and_Apps_19.1.2\bin;C:\Program Files\nodejs\;C:\ProgramData\chocolatey\bin;C:\Program Files\Git\cmd;C:\Tools\curl-7.46.0-win64\bin;C:\Tools\apache-maven-3.5.2\bin;C:\Program Files (x86)\Plantronics\Spokes3G\;C:\Tools\Ruby\bin;C:\Users\W269600\AppData\Local\Microsoft\WindowsApps;C:\Users\W269600\AppData\Local\Programs\Microsoft VS Code\bin;C:\Users\W269600\AppData\Roaming\npm;C:\Tools\Python37\;C:\Tools\Python37\Scripts\;;."/>
    <property name="java.vendor" value="Eclipse OpenJ9"/>
    <property name="java.vm.info" value="JRE 11 Windows 10 amd64-64-Bit Compressed References 20190531_235 (JIT enabled, AOT enabled)&#10;OpenJ9   - b8ab01656&#10;OMR      - b56045d2&#10;JCL      - dcdc97f9dc based on jdk-11.0.3+7"/>
    <property name="java.vm.version" value="openj9-0.14.3"/>
    <property name="com.ibm.jcl.checkClassPath" value=""/>
    <property name="ibm.system.encoding" value="Cp1252"/>
    <property name="sun.io.unicode.encoding" value="UnicodeLittle"/>
    <property name="java.class.version" value="55.0"/>
  </properties>
  <testcase name="testAbstractDataSourceStringMimeType" classname="com._4point.aem.formsfeeder.core.datasource.AbstractDataSourceTest" time="0.063"/>
  <testcase name="testAbstractDataSourceStringMimeTypeMapOfStringString" classname="com._4point.aem.formsfeeder.core.datasource.AbstractDataSourceTest" time="0"/>
  <testcase name="testAbstractDataSourceString" classname="com._4point.aem.formsfeeder.core.datasource.AbstractDataSourceTest" time="0"/>
  <testcase name="testAbstractDataSourceStringMapOfStringString" classname="com._4point.aem.formsfeeder.core.datasource.AbstractDataSourceTest" time="0"/>
  <testcase name="testAbstractDataSource" classname="com._4point.aem.formsfeeder.core.datasource.AbstractDataSourceTest" time="0"/>
  <testcase name="testSetters" classname="com._4point.aem.formsfeeder.core.datasource.AbstractDataSourceTest" time="0"/>
</testsuite>